running egg_info
creating build/turtlesim_cleaner/turtlesim_cleaner.egg-info
writing build/turtlesim_cleaner/turtlesim_cleaner.egg-info/PKG-INFO
writing dependency_links to build/turtlesim_cleaner/turtlesim_cleaner.egg-info/dependency_links.txt
writing requirements to build/turtlesim_cleaner/turtlesim_cleaner.egg-info/requires.txt
writing top-level names to build/turtlesim_cleaner/turtlesim_cleaner.egg-info/top_level.txt
writing manifest file 'build/turtlesim_cleaner/turtlesim_cleaner.egg-info/SOURCES.txt'
reading manifest file 'build/turtlesim_cleaner/turtlesim_cleaner.egg-info/SOURCES.txt'
writing manifest file 'build/turtlesim_cleaner/turtlesim_cleaner.egg-info/SOURCES.txt'
running build
running build_py
creating /home/ionut/UNI/Year_3/AI_Python/Project/Homework_wr/src/turtlesim_cleaner/build/turtlesim_cleaner/build
creating /home/ionut/UNI/Year_3/AI_Python/Project/Homework_wr/src/turtlesim_cleaner/build/turtlesim_cleaner/build/lib
creating /home/ionut/UNI/Year_3/AI_Python/Project/Homework_wr/src/turtlesim_cleaner/build/turtlesim_cleaner/build/lib/turtlesim_cleaner
copying turtlesim_cleaner/__init__.py -> /home/ionut/UNI/Year_3/AI_Python/Project/Homework_wr/src/turtlesim_cleaner/build/turtlesim_cleaner/build/lib/turtlesim_cleaner
running install
running install_lib
creating /home/ionut/UNI/Year_3/AI_Python/Project/Homework_wr/src/turtlesim_cleaner/install/turtlesim_cleaner/lib/python3.11/site-packages/turtlesim_cleaner
copying /home/ionut/UNI/Year_3/AI_Python/Project/Homework_wr/src/turtlesim_cleaner/build/turtlesim_cleaner/build/lib/turtlesim_cleaner/__init__.py -> /home/ionut/UNI/Year_3/AI_Python/Project/Homework_wr/src/turtlesim_cleaner/install/turtlesim_cleaner/lib/python3.11/site-packages/turtlesim_cleaner
byte-compiling /home/ionut/UNI/Year_3/AI_Python/Project/Homework_wr/src/turtlesim_cleaner/install/turtlesim_cleaner/lib/python3.11/site-packages/turtlesim_cleaner/__init__.py to __init__.cpython-311.pyc
running install_data
creating /home/ionut/UNI/Year_3/AI_Python/Project/Homework_wr/src/turtlesim_cleaner/install/turtlesim_cleaner/share/ament_index
creating /home/ionut/UNI/Year_3/AI_Python/Project/Homework_wr/src/turtlesim_cleaner/install/turtlesim_cleaner/share/ament_index/resource_index
creating /home/ionut/UNI/Year_3/AI_Python/Project/Homework_wr/src/turtlesim_cleaner/install/turtlesim_cleaner/share/ament_index/resource_index/packages
copying resource/turtlesim_cleaner -> /home/ionut/UNI/Year_3/AI_Python/Project/Homework_wr/src/turtlesim_cleaner/install/turtlesim_cleaner/share/ament_index/resource_index/packages
copying package.xml -> /home/ionut/UNI/Year_3/AI_Python/Project/Homework_wr/src/turtlesim_cleaner/install/turtlesim_cleaner/share/turtlesim_cleaner
running install_egg_info
Copying build/turtlesim_cleaner/turtlesim_cleaner.egg-info to /home/ionut/UNI/Year_3/AI_Python/Project/Homework_wr/src/turtlesim_cleaner/install/turtlesim_cleaner/lib/python3.11/site-packages/turtlesim_cleaner-0.0.0-py3.11.egg-info
running install_scripts
writing list of installed files to '/home/ionut/UNI/Year_3/AI_Python/Project/Homework_wr/src/turtlesim_cleaner/build/turtlesim_cleaner/install.log'
