[0.920s] Invoking command in '/home/ionut/UNI/Year_3/AI_Python/Project/Homework_wr/src/turtlesim_cleaner': DEBUGINFOD_URLS=https://debuginfod.archlinux.org PYTHONPATH=/home/ionut/UNI/Year_3/AI_Python/Project/Homework_wr/src/turtlesim_cleaner/build/turtlesim_cleaner/prefix_override:/home/ionut/UNI/Year_3/AI_Python/Project/Homework_wr/src/turtlesim_cleaner/install/turtlesim_cleaner/lib/python3.11/site-packages:${PYTHONPATH} _=/usr/bin/env /usr/bin/python -W ignore:setup.py install is deprecated setup.py egg_info --egg-base build/turtlesim_cleaner build --build-base /home/ionut/UNI/Year_3/AI_Python/Project/Homework_wr/src/turtlesim_cleaner/build/turtlesim_cleaner/build install --record /home/ionut/UNI/Year_3/AI_Python/Project/Homework_wr/src/turtlesim_cleaner/build/turtlesim_cleaner/install.log --single-version-externally-managed install_data
[1.206s] running egg_info
[1.206s] creating build/turtlesim_cleaner/turtlesim_cleaner.egg-info
[1.227s] writing build/turtlesim_cleaner/turtlesim_cleaner.egg-info/PKG-INFO
[1.227s] writing dependency_links to build/turtlesim_cleaner/turtlesim_cleaner.egg-info/dependency_links.txt
[1.227s] writing requirements to build/turtlesim_cleaner/turtlesim_cleaner.egg-info/requires.txt
[1.227s] writing top-level names to build/turtlesim_cleaner/turtlesim_cleaner.egg-info/top_level.txt
[1.227s] writing manifest file 'build/turtlesim_cleaner/turtlesim_cleaner.egg-info/SOURCES.txt'
[1.268s] reading manifest file 'build/turtlesim_cleaner/turtlesim_cleaner.egg-info/SOURCES.txt'
[1.268s] writing manifest file 'build/turtlesim_cleaner/turtlesim_cleaner.egg-info/SOURCES.txt'
[1.268s] running build
[1.268s] running build_py
[1.269s] creating /home/ionut/UNI/Year_3/AI_Python/Project/Homework_wr/src/turtlesim_cleaner/build/turtlesim_cleaner/build
[1.269s] creating /home/ionut/UNI/Year_3/AI_Python/Project/Homework_wr/src/turtlesim_cleaner/build/turtlesim_cleaner/build/lib
[1.269s] creating /home/ionut/UNI/Year_3/AI_Python/Project/Homework_wr/src/turtlesim_cleaner/build/turtlesim_cleaner/build/lib/turtlesim_cleaner
[1.269s] copying turtlesim_cleaner/__init__.py -> /home/ionut/UNI/Year_3/AI_Python/Project/Homework_wr/src/turtlesim_cleaner/build/turtlesim_cleaner/build/lib/turtlesim_cleaner
[1.269s] running install
[1.276s] running install_lib
[1.295s] creating /home/ionut/UNI/Year_3/AI_Python/Project/Homework_wr/src/turtlesim_cleaner/install/turtlesim_cleaner/lib/python3.11/site-packages/turtlesim_cleaner
[1.295s] copying /home/ionut/UNI/Year_3/AI_Python/Project/Homework_wr/src/turtlesim_cleaner/build/turtlesim_cleaner/build/lib/turtlesim_cleaner/__init__.py -> /home/ionut/UNI/Year_3/AI_Python/Project/Homework_wr/src/turtlesim_cleaner/install/turtlesim_cleaner/lib/python3.11/site-packages/turtlesim_cleaner
[1.295s] byte-compiling /home/ionut/UNI/Year_3/AI_Python/Project/Homework_wr/src/turtlesim_cleaner/install/turtlesim_cleaner/lib/python3.11/site-packages/turtlesim_cleaner/__init__.py to __init__.cpython-311.pyc
[1.295s] running install_data
[1.296s] creating /home/ionut/UNI/Year_3/AI_Python/Project/Homework_wr/src/turtlesim_cleaner/install/turtlesim_cleaner/share/ament_index
[1.296s] creating /home/ionut/UNI/Year_3/AI_Python/Project/Homework_wr/src/turtlesim_cleaner/install/turtlesim_cleaner/share/ament_index/resource_index
[1.296s] creating /home/ionut/UNI/Year_3/AI_Python/Project/Homework_wr/src/turtlesim_cleaner/install/turtlesim_cleaner/share/ament_index/resource_index/packages
[1.296s] copying resource/turtlesim_cleaner -> /home/ionut/UNI/Year_3/AI_Python/Project/Homework_wr/src/turtlesim_cleaner/install/turtlesim_cleaner/share/ament_index/resource_index/packages
[1.296s] copying package.xml -> /home/ionut/UNI/Year_3/AI_Python/Project/Homework_wr/src/turtlesim_cleaner/install/turtlesim_cleaner/share/turtlesim_cleaner
[1.296s] running install_egg_info
[1.318s] Copying build/turtlesim_cleaner/turtlesim_cleaner.egg-info to /home/ionut/UNI/Year_3/AI_Python/Project/Homework_wr/src/turtlesim_cleaner/install/turtlesim_cleaner/lib/python3.11/site-packages/turtlesim_cleaner-0.0.0-py3.11.egg-info
[1.319s] running install_scripts
[1.466s] writing list of installed files to '/home/ionut/UNI/Year_3/AI_Python/Project/Homework_wr/src/turtlesim_cleaner/build/turtlesim_cleaner/install.log'
[1.507s] Invoked command in '/home/ionut/UNI/Year_3/AI_Python/Project/Homework_wr/src/turtlesim_cleaner' returned '0': DEBUGINFOD_URLS=https://debuginfod.archlinux.org PYTHONPATH=/home/ionut/UNI/Year_3/AI_Python/Project/Homework_wr/src/turtlesim_cleaner/build/turtlesim_cleaner/prefix_override:/home/ionut/UNI/Year_3/AI_Python/Project/Homework_wr/src/turtlesim_cleaner/install/turtlesim_cleaner/lib/python3.11/site-packages:${PYTHONPATH} _=/usr/bin/env /usr/bin/python -W ignore:setup.py install is deprecated setup.py egg_info --egg-base build/turtlesim_cleaner build --build-base /home/ionut/UNI/Year_3/AI_Python/Project/Homework_wr/src/turtlesim_cleaner/build/turtlesim_cleaner/build install --record /home/ionut/UNI/Year_3/AI_Python/Project/Homework_wr/src/turtlesim_cleaner/build/turtlesim_cleaner/install.log --single-version-externally-managed install_data
