[0.990s] Invoking command in '/home/ionut/UNI/Year_3/AI_Python/Project/Homework_wr/build/turtlesim_cleaner': DEBUGINFOD_URLS=https://debuginfod.archlinux.org PYTHONPATH=/home/ionut/UNI/Year_3/AI_Python/Project/Homework_wr/build/turtlesim_cleaner/prefix_override:/home/ionut/UNI/Year_3/AI_Python/Project/Homework_wr/install/turtlesim_cleaner/lib/python3.11/site-packages:${PYTHONPATH} _=/usr/bin/env /usr/bin/python -W ignore:setup.py install is deprecated setup.py develop --editable --build-directory /home/ionut/UNI/Year_3/AI_Python/Project/Homework_wr/build/turtlesim_cleaner/build --no-deps symlink_data --force
[1.356s] running develop
[1.356s] /usr/lib/python3.11/site-packages/setuptools/command/develop.py:39: EasyInstallDeprecationWarning: easy_install command is deprecated.
[1.356s] !!
[1.357s] 
[1.357s]         ********************************************************************************
[1.357s]         Please avoid running ``setup.py`` and ``easy_install``.
[1.361s]         Instead, use pypa/build, pypa/installer or other
[1.361s]         standards-based tools.
[1.361s] 
[1.361s]         See https://github.com/pypa/setuptools/issues/917 for details.
[1.361s]         ********************************************************************************
[1.361s] 
[1.361s] !!
[1.361s]   easy_install.initialize_options(self)
[1.592s] running egg_info
[1.612s] writing turtlesim_cleaner.egg-info/PKG-INFO
[1.613s] writing dependency_links to turtlesim_cleaner.egg-info/dependency_links.txt
[1.613s] writing entry points to turtlesim_cleaner.egg-info/entry_points.txt
[1.614s] writing requirements to turtlesim_cleaner.egg-info/requires.txt
[1.614s] writing top-level names to turtlesim_cleaner.egg-info/top_level.txt
[1.654s] reading manifest file 'turtlesim_cleaner.egg-info/SOURCES.txt'
[1.655s] writing manifest file 'turtlesim_cleaner.egg-info/SOURCES.txt'
[1.676s] running build_ext
[1.679s] Creating /home/ionut/UNI/Year_3/AI_Python/Project/Homework_wr/install/turtlesim_cleaner/lib/python3.11/site-packages/turtlesim_cleaner.egg-link (link to .)
[1.679s] Installing test_node script to /home/ionut/UNI/Year_3/AI_Python/Project/Homework_wr/install/turtlesim_cleaner/lib/turtlesim_cleaner
[1.680s] 
[1.680s] Installed /home/ionut/UNI/Year_3/AI_Python/Project/Homework_wr/build/turtlesim_cleaner
[1.680s] running symlink_data
[1.680s] symbolically linking /home/ionut/UNI/Year_3/AI_Python/Project/Homework_wr/build/turtlesim_cleaner/resource/turtlesim_cleaner -> /home/ionut/UNI/Year_3/AI_Python/Project/Homework_wr/install/turtlesim_cleaner/share/ament_index/resource_index/packages
[1.680s] symbolically linking /home/ionut/UNI/Year_3/AI_Python/Project/Homework_wr/build/turtlesim_cleaner/package.xml -> /home/ionut/UNI/Year_3/AI_Python/Project/Homework_wr/install/turtlesim_cleaner/share/turtlesim_cleaner
[1.744s] Invoked command in '/home/ionut/UNI/Year_3/AI_Python/Project/Homework_wr/build/turtlesim_cleaner' returned '0': DEBUGINFOD_URLS=https://debuginfod.archlinux.org PYTHONPATH=/home/ionut/UNI/Year_3/AI_Python/Project/Homework_wr/build/turtlesim_cleaner/prefix_override:/home/ionut/UNI/Year_3/AI_Python/Project/Homework_wr/install/turtlesim_cleaner/lib/python3.11/site-packages:${PYTHONPATH} _=/usr/bin/env /usr/bin/python -W ignore:setup.py install is deprecated setup.py develop --editable --build-directory /home/ionut/UNI/Year_3/AI_Python/Project/Homework_wr/build/turtlesim_cleaner/build --no-deps symlink_data --force
