[0.971s] Invoking command in '/home/ionut/UNI/Year_3/AI_Python/Project/Homework_wr/src/turtlesim_cleaner': DEBUGINFOD_URLS=https://debuginfod.archlinux.org PYTHONPATH=/home/ionut/UNI/Year_3/AI_Python/Project/Homework_wr/src/turtlesim_cleaner/build/turtlesim_cleaner/prefix_override:/home/ionut/UNI/Year_3/AI_Python/Project/Homework_wr/src/turtlesim_cleaner/install/turtlesim_cleaner/lib/python3.11/site-packages:${PYTHONPATH} _=/usr/bin/env /usr/bin/python -W ignore:setup.py install is deprecated setup.py egg_info --egg-base build/turtlesim_cleaner build --build-base /home/ionut/UNI/Year_3/AI_Python/Project/Homework_wr/src/turtlesim_cleaner/build/turtlesim_cleaner/build install --record /home/ionut/UNI/Year_3/AI_Python/Project/Homework_wr/src/turtlesim_cleaner/build/turtlesim_cleaner/install.log --single-version-externally-managed install_data
[1.271s] running egg_info
[1.294s] writing build/turtlesim_cleaner/turtlesim_cleaner.egg-info/PKG-INFO
[1.295s] writing dependency_links to build/turtlesim_cleaner/turtlesim_cleaner.egg-info/dependency_links.txt
[1.295s] writing requirements to build/turtlesim_cleaner/turtlesim_cleaner.egg-info/requires.txt
[1.295s] writing top-level names to build/turtlesim_cleaner/turtlesim_cleaner.egg-info/top_level.txt
[1.342s] reading manifest file 'build/turtlesim_cleaner/turtlesim_cleaner.egg-info/SOURCES.txt'
[1.343s] writing manifest file 'build/turtlesim_cleaner/turtlesim_cleaner.egg-info/SOURCES.txt'
[1.343s] running build
[1.343s] running build_py
[1.343s] copying turtlesim_cleaner/Move.py -> /home/ionut/UNI/Year_3/AI_Python/Project/Homework_wr/src/turtlesim_cleaner/build/turtlesim_cleaner/build/lib/turtlesim_cleaner
[1.343s] copying turtlesim_cleaner/__init__.py -> /home/ionut/UNI/Year_3/AI_Python/Project/Homework_wr/src/turtlesim_cleaner/build/turtlesim_cleaner/build/lib/turtlesim_cleaner
[1.344s] running install
[1.351s] running install_lib
[1.373s] copying /home/ionut/UNI/Year_3/AI_Python/Project/Homework_wr/src/turtlesim_cleaner/build/turtlesim_cleaner/build/lib/turtlesim_cleaner/Move.py -> /home/ionut/UNI/Year_3/AI_Python/Project/Homework_wr/src/turtlesim_cleaner/install/turtlesim_cleaner/lib/python3.11/site-packages/turtlesim_cleaner
[1.374s] byte-compiling /home/ionut/UNI/Year_3/AI_Python/Project/Homework_wr/src/turtlesim_cleaner/install/turtlesim_cleaner/lib/python3.11/site-packages/turtlesim_cleaner/Move.py to Move.cpython-311.pyc
[1.375s] running install_data
[1.375s] copying resource/turtlesim_cleaner -> /home/ionut/UNI/Year_3/AI_Python/Project/Homework_wr/src/turtlesim_cleaner/install/turtlesim_cleaner/share/ament_index/resource_index/packages
[1.375s] copying package.xml -> /home/ionut/UNI/Year_3/AI_Python/Project/Homework_wr/src/turtlesim_cleaner/install/turtlesim_cleaner/share/turtlesim_cleaner
[1.375s] running install_egg_info
[1.398s] removing '/home/ionut/UNI/Year_3/AI_Python/Project/Homework_wr/src/turtlesim_cleaner/install/turtlesim_cleaner/lib/python3.11/site-packages/turtlesim_cleaner-0.0.0-py3.11.egg-info' (and everything under it)
[1.399s] Copying build/turtlesim_cleaner/turtlesim_cleaner.egg-info to /home/ionut/UNI/Year_3/AI_Python/Project/Homework_wr/src/turtlesim_cleaner/install/turtlesim_cleaner/lib/python3.11/site-packages/turtlesim_cleaner-0.0.0-py3.11.egg-info
[1.400s] running install_scripts
[1.571s] writing list of installed files to '/home/ionut/UNI/Year_3/AI_Python/Project/Homework_wr/src/turtlesim_cleaner/build/turtlesim_cleaner/install.log'
[1.617s] Invoked command in '/home/ionut/UNI/Year_3/AI_Python/Project/Homework_wr/src/turtlesim_cleaner' returned '0': DEBUGINFOD_URLS=https://debuginfod.archlinux.org PYTHONPATH=/home/ionut/UNI/Year_3/AI_Python/Project/Homework_wr/src/turtlesim_cleaner/build/turtlesim_cleaner/prefix_override:/home/ionut/UNI/Year_3/AI_Python/Project/Homework_wr/src/turtlesim_cleaner/install/turtlesim_cleaner/lib/python3.11/site-packages:${PYTHONPATH} _=/usr/bin/env /usr/bin/python -W ignore:setup.py install is deprecated setup.py egg_info --egg-base build/turtlesim_cleaner build --build-base /home/ionut/UNI/Year_3/AI_Python/Project/Homework_wr/src/turtlesim_cleaner/build/turtlesim_cleaner/build install --record /home/ionut/UNI/Year_3/AI_Python/Project/Homework_wr/src/turtlesim_cleaner/build/turtlesim_cleaner/install.log --single-version-externally-managed install_data
