running develop
/usr/lib/python3.11/site-packages/setuptools/command/develop.py:39: EasyInstallDeprecationWarning: easy_install command is deprecated.
!!

        ********************************************************************************
        Please avoid running ``setup.py`` and ``easy_install``.
        Instead, use pypa/build, pypa/installer or other
        standards-based tools.

        See https://github.com/pypa/setuptools/issues/917 for details.
        ********************************************************************************

!!
  easy_install.initialize_options(self)
running egg_info
writing turtlesim_cleaner.egg-info/PKG-INFO
writing dependency_links to turtlesim_cleaner.egg-info/dependency_links.txt
writing entry points to turtlesim_cleaner.egg-info/entry_points.txt
writing requirements to turtlesim_cleaner.egg-info/requires.txt
writing top-level names to turtlesim_cleaner.egg-info/top_level.txt
reading manifest file 'turtlesim_cleaner.egg-info/SOURCES.txt'
writing manifest file 'turtlesim_cleaner.egg-info/SOURCES.txt'
running build_ext
Creating /home/ionut/UNI/Year_3/AI_Python/Project/Homework_wr/install/turtlesim_cleaner/lib/python3.11/site-packages/turtlesim_cleaner.egg-link (link to .)
Installing test_node script to /home/ionut/UNI/Year_3/AI_Python/Project/Homework_wr/install/turtlesim_cleaner/lib/turtlesim_cleaner

Installed /home/ionut/UNI/Year_3/AI_Python/Project/Homework_wr/build/turtlesim_cleaner
running symlink_data
symbolically linking /home/ionut/UNI/Year_3/AI_Python/Project/Homework_wr/build/turtlesim_cleaner/resource/turtlesim_cleaner -> /home/ionut/UNI/Year_3/AI_Python/Project/Homework_wr/install/turtlesim_cleaner/share/ament_index/resource_index/packages
symbolically linking /home/ionut/UNI/Year_3/AI_Python/Project/Homework_wr/build/turtlesim_cleaner/package.xml -> /home/ionut/UNI/Year_3/AI_Python/Project/Homework_wr/install/turtlesim_cleaner/share/turtlesim_cleaner
