[1.068s] Invoking command in '/home/ionut/UNI/Year_3/AI_Python/Project/Homework_wr/build/turtlesim_cleaner': DEBUGINFOD_URLS=https://debuginfod.archlinux.org PYTHONPATH=/home/ionut/UNI/Year_3/AI_Python/Project/Homework_wr/build/turtlesim_cleaner/prefix_override:/home/ionut/UNI/Year_3/AI_Python/Project/Homework_wr/install/turtlesim_cleaner/lib/python3.11/site-packages:${PYTHONPATH} _=/usr/bin/env /usr/bin/python -W ignore:setup.py install is deprecated setup.py develop --editable --build-directory /home/ionut/UNI/Year_3/AI_Python/Project/Homework_wr/build/turtlesim_cleaner/build --no-deps symlink_data --force
[1.432s] running develop
[1.432s] /usr/lib/python3.11/site-packages/setuptools/command/develop.py:39: EasyInstallDeprecationWarning: easy_install command is deprecated.
[1.432s] !!
[1.432s] 
[1.432s]         ********************************************************************************
[1.433s]         Please avoid running ``setup.py`` and ``easy_install``.
[1.433s]         Instead, use pypa/build, pypa/installer or other
[1.433s]         standards-based tools.
[1.433s] 
[1.433s]         See https://github.com/pypa/setuptools/issues/917 for details.
[1.433s]         ********************************************************************************
[1.433s] 
[1.433s] !!
[1.434s]   easy_install.initialize_options(self)
[1.672s] running egg_info
[1.691s] writing turtlesim_cleaner.egg-info/PKG-INFO
[1.692s] writing dependency_links to turtlesim_cleaner.egg-info/dependency_links.txt
[1.692s] writing entry points to turtlesim_cleaner.egg-info/entry_points.txt
[1.692s] writing requirements to turtlesim_cleaner.egg-info/requires.txt
[1.692s] writing top-level names to turtlesim_cleaner.egg-info/top_level.txt
[1.735s] reading manifest file 'turtlesim_cleaner.egg-info/SOURCES.txt'
[1.736s] writing manifest file 'turtlesim_cleaner.egg-info/SOURCES.txt'
[1.757s] running build_ext
[1.761s] Creating /home/ionut/UNI/Year_3/AI_Python/Project/Homework_wr/install/turtlesim_cleaner/lib/python3.11/site-packages/turtlesim_cleaner.egg-link (link to .)
[1.761s] Installing test_node script to /home/ionut/UNI/Year_3/AI_Python/Project/Homework_wr/install/turtlesim_cleaner/lib/turtlesim_cleaner
[1.761s] 
[1.762s] Installed /home/ionut/UNI/Year_3/AI_Python/Project/Homework_wr/build/turtlesim_cleaner
[1.762s] running symlink_data
[1.762s] symbolically linking /home/ionut/UNI/Year_3/AI_Python/Project/Homework_wr/build/turtlesim_cleaner/resource/turtlesim_cleaner -> /home/ionut/UNI/Year_3/AI_Python/Project/Homework_wr/install/turtlesim_cleaner/share/ament_index/resource_index/packages
[1.762s] symbolically linking /home/ionut/UNI/Year_3/AI_Python/Project/Homework_wr/build/turtlesim_cleaner/package.xml -> /home/ionut/UNI/Year_3/AI_Python/Project/Homework_wr/install/turtlesim_cleaner/share/turtlesim_cleaner
[1.821s] Invoked command in '/home/ionut/UNI/Year_3/AI_Python/Project/Homework_wr/build/turtlesim_cleaner' returned '0': DEBUGINFOD_URLS=https://debuginfod.archlinux.org PYTHONPATH=/home/ionut/UNI/Year_3/AI_Python/Project/Homework_wr/build/turtlesim_cleaner/prefix_override:/home/ionut/UNI/Year_3/AI_Python/Project/Homework_wr/install/turtlesim_cleaner/lib/python3.11/site-packages:${PYTHONPATH} _=/usr/bin/env /usr/bin/python -W ignore:setup.py install is deprecated setup.py develop --editable --build-directory /home/ionut/UNI/Year_3/AI_Python/Project/Homework_wr/build/turtlesim_cleaner/build --no-deps symlink_data --force
