[1.273s] Invoking command in '/home/ionut/UNI/Year_3/AI_Python/Project/Homework_wr/src/turtlesim_cleaner': DEBUGINFOD_URLS=https://debuginfod.archlinux.org PYTHONPATH=/home/ionut/UNI/Year_3/AI_Python/Project/Homework_wr/build/turtlesim_cleaner/prefix_override:/home/ionut/UNI/Year_3/AI_Python/Project/Homework_wr/install/turtlesim_cleaner/lib/python3.11/site-packages:${PYTHONPATH} _=/usr/bin/env /usr/bin/python -W ignore:setup.py install is deprecated setup.py egg_info --egg-base ../../build/turtlesim_cleaner build --build-base /home/ionut/UNI/Year_3/AI_Python/Project/Homework_wr/build/turtlesim_cleaner/build install --record /home/ionut/UNI/Year_3/AI_Python/Project/Homework_wr/build/turtlesim_cleaner/install.log --single-version-externally-managed install_data
[1.574s] running egg_info
[1.596s] writing ../../build/turtlesim_cleaner/turtlesim_cleaner.egg-info/PKG-INFO
[1.597s] writing dependency_links to ../../build/turtlesim_cleaner/turtlesim_cleaner.egg-info/dependency_links.txt
[1.597s] writing entry points to ../../build/turtlesim_cleaner/turtlesim_cleaner.egg-info/entry_points.txt
[1.597s] writing requirements to ../../build/turtlesim_cleaner/turtlesim_cleaner.egg-info/requires.txt
[1.597s] writing top-level names to ../../build/turtlesim_cleaner/turtlesim_cleaner.egg-info/top_level.txt
[1.640s] reading manifest file '../../build/turtlesim_cleaner/turtlesim_cleaner.egg-info/SOURCES.txt'
[1.641s] writing manifest file '../../build/turtlesim_cleaner/turtlesim_cleaner.egg-info/SOURCES.txt'
[1.641s] running build
[1.641s] running build_py
[1.641s] copying turtlesim_cleaner/Move.py -> /home/ionut/UNI/Year_3/AI_Python/Project/Homework_wr/build/turtlesim_cleaner/build/lib/turtlesim_cleaner
[1.642s] copying turtlesim_cleaner/__init__.py -> /home/ionut/UNI/Year_3/AI_Python/Project/Homework_wr/build/turtlesim_cleaner/build/lib/turtlesim_cleaner
[1.642s] copying turtlesim_cleaner/Move_node.py -> /home/ionut/UNI/Year_3/AI_Python/Project/Homework_wr/build/turtlesim_cleaner/build/lib/turtlesim_cleaner
[1.642s] running install
[1.649s] running install_lib
[1.671s] copying /home/ionut/UNI/Year_3/AI_Python/Project/Homework_wr/build/turtlesim_cleaner/build/lib/turtlesim_cleaner/Move_node.py -> /home/ionut/UNI/Year_3/AI_Python/Project/Homework_wr/install/turtlesim_cleaner/lib/python3.11/site-packages/turtlesim_cleaner
[1.672s] byte-compiling /home/ionut/UNI/Year_3/AI_Python/Project/Homework_wr/install/turtlesim_cleaner/lib/python3.11/site-packages/turtlesim_cleaner/Move_node.py to Move_node.cpython-311.pyc
[1.673s] running install_data
[1.673s] copying resource/turtlesim_cleaner -> /home/ionut/UNI/Year_3/AI_Python/Project/Homework_wr/install/turtlesim_cleaner/share/ament_index/resource_index/packages
[1.674s] copying package.xml -> /home/ionut/UNI/Year_3/AI_Python/Project/Homework_wr/install/turtlesim_cleaner/share/turtlesim_cleaner
[1.674s] running install_egg_info
[1.701s] removing '/home/ionut/UNI/Year_3/AI_Python/Project/Homework_wr/install/turtlesim_cleaner/lib/python3.11/site-packages/turtlesim_cleaner-0.0.0-py3.11.egg-info' (and everything under it)
[1.701s] Copying ../../build/turtlesim_cleaner/turtlesim_cleaner.egg-info to /home/ionut/UNI/Year_3/AI_Python/Project/Homework_wr/install/turtlesim_cleaner/lib/python3.11/site-packages/turtlesim_cleaner-0.0.0-py3.11.egg-info
[1.703s] running install_scripts
[1.884s] Installing test_node script to /home/ionut/UNI/Year_3/AI_Python/Project/Homework_wr/install/turtlesim_cleaner/lib/turtlesim_cleaner
[1.905s] writing list of installed files to '/home/ionut/UNI/Year_3/AI_Python/Project/Homework_wr/build/turtlesim_cleaner/install.log'
[1.961s] Invoked command in '/home/ionut/UNI/Year_3/AI_Python/Project/Homework_wr/src/turtlesim_cleaner' returned '0': DEBUGINFOD_URLS=https://debuginfod.archlinux.org PYTHONPATH=/home/ionut/UNI/Year_3/AI_Python/Project/Homework_wr/build/turtlesim_cleaner/prefix_override:/home/ionut/UNI/Year_3/AI_Python/Project/Homework_wr/install/turtlesim_cleaner/lib/python3.11/site-packages:${PYTHONPATH} _=/usr/bin/env /usr/bin/python -W ignore:setup.py install is deprecated setup.py egg_info --egg-base ../../build/turtlesim_cleaner build --build-base /home/ionut/UNI/Year_3/AI_Python/Project/Homework_wr/build/turtlesim_cleaner/build install --record /home/ionut/UNI/Year_3/AI_Python/Project/Homework_wr/build/turtlesim_cleaner/install.log --single-version-externally-managed install_data
