[1.498s] Invoking command in '/home/ionut/UNI/Year_3/AI_Python/Project/Homework_wr/src/turtlesim_cleaner': DEBUGINFOD_URLS=https://debuginfod.archlinux.org PYTHONPATH=/home/ionut/UNI/Year_3/AI_Python/Project/Homework_wr/src/build/turtlesim_cleaner/prefix_override:/home/ionut/UNI/Year_3/AI_Python/Project/Homework_wr/src/install/turtlesim_cleaner/lib/python3.11/site-packages:${PYTHONPATH} _=/usr/bin/env /usr/bin/python -W ignore:setup.py install is deprecated setup.py egg_info --egg-base ../build/turtlesim_cleaner build --build-base /home/ionut/UNI/Year_3/AI_Python/Project/Homework_wr/src/build/turtlesim_cleaner/build install --record /home/ionut/UNI/Year_3/AI_Python/Project/Homework_wr/src/build/turtlesim_cleaner/install.log --single-version-externally-managed install_data
[1.945s] running egg_info
[1.975s] writing ../build/turtlesim_cleaner/turtlesim_cleaner.egg-info/PKG-INFO
[1.977s] writing dependency_links to ../build/turtlesim_cleaner/turtlesim_cleaner.egg-info/dependency_links.txt
[1.977s] writing entry points to ../build/turtlesim_cleaner/turtlesim_cleaner.egg-info/entry_points.txt
[1.978s] writing requirements to ../build/turtlesim_cleaner/turtlesim_cleaner.egg-info/requires.txt
[1.978s] writing top-level names to ../build/turtlesim_cleaner/turtlesim_cleaner.egg-info/top_level.txt
[2.042s] reading manifest file '../build/turtlesim_cleaner/turtlesim_cleaner.egg-info/SOURCES.txt'
[2.044s] writing manifest file '../build/turtlesim_cleaner/turtlesim_cleaner.egg-info/SOURCES.txt'
[2.044s] running build
[2.044s] running build_py
[2.044s] copying turtlesim_cleaner/Move.py -> /home/ionut/UNI/Year_3/AI_Python/Project/Homework_wr/src/build/turtlesim_cleaner/build/lib/turtlesim_cleaner
[2.045s] copying turtlesim_cleaner/__init__.py -> /home/ionut/UNI/Year_3/AI_Python/Project/Homework_wr/src/build/turtlesim_cleaner/build/lib/turtlesim_cleaner
[2.045s] copying turtlesim_cleaner/Move_node.py -> /home/ionut/UNI/Year_3/AI_Python/Project/Homework_wr/src/build/turtlesim_cleaner/build/lib/turtlesim_cleaner
[2.046s] running install
[2.056s] running install_lib
[2.087s] copying /home/ionut/UNI/Year_3/AI_Python/Project/Homework_wr/src/build/turtlesim_cleaner/build/lib/turtlesim_cleaner/Move.py -> /home/ionut/UNI/Year_3/AI_Python/Project/Homework_wr/src/install/turtlesim_cleaner/lib/python3.11/site-packages/turtlesim_cleaner
[2.088s] copying /home/ionut/UNI/Year_3/AI_Python/Project/Homework_wr/src/build/turtlesim_cleaner/build/lib/turtlesim_cleaner/Move_node.py -> /home/ionut/UNI/Year_3/AI_Python/Project/Homework_wr/src/install/turtlesim_cleaner/lib/python3.11/site-packages/turtlesim_cleaner
[2.089s] byte-compiling /home/ionut/UNI/Year_3/AI_Python/Project/Homework_wr/src/install/turtlesim_cleaner/lib/python3.11/site-packages/turtlesim_cleaner/Move.py to Move.cpython-311.pyc
[2.090s] byte-compiling /home/ionut/UNI/Year_3/AI_Python/Project/Homework_wr/src/install/turtlesim_cleaner/lib/python3.11/site-packages/turtlesim_cleaner/Move_node.py to Move_node.cpython-311.pyc
[2.091s] running install_data
[2.091s] copying resource/turtlesim_cleaner -> /home/ionut/UNI/Year_3/AI_Python/Project/Homework_wr/src/install/turtlesim_cleaner/share/ament_index/resource_index/packages
[2.092s] copying package.xml -> /home/ionut/UNI/Year_3/AI_Python/Project/Homework_wr/src/install/turtlesim_cleaner/share/turtlesim_cleaner
[2.092s] running install_egg_info
[2.126s] removing '/home/ionut/UNI/Year_3/AI_Python/Project/Homework_wr/src/install/turtlesim_cleaner/lib/python3.11/site-packages/turtlesim_cleaner-0.0.0-py3.11.egg-info' (and everything under it)
[2.126s] Copying ../build/turtlesim_cleaner/turtlesim_cleaner.egg-info to /home/ionut/UNI/Year_3/AI_Python/Project/Homework_wr/src/install/turtlesim_cleaner/lib/python3.11/site-packages/turtlesim_cleaner-0.0.0-py3.11.egg-info
[2.128s] running install_scripts
[2.354s] Installing test_node script to /home/ionut/UNI/Year_3/AI_Python/Project/Homework_wr/src/install/turtlesim_cleaner/lib/turtlesim_cleaner
[2.355s] writing list of installed files to '/home/ionut/UNI/Year_3/AI_Python/Project/Homework_wr/src/build/turtlesim_cleaner/install.log'
[2.439s] Invoked command in '/home/ionut/UNI/Year_3/AI_Python/Project/Homework_wr/src/turtlesim_cleaner' returned '0': DEBUGINFOD_URLS=https://debuginfod.archlinux.org PYTHONPATH=/home/ionut/UNI/Year_3/AI_Python/Project/Homework_wr/src/build/turtlesim_cleaner/prefix_override:/home/ionut/UNI/Year_3/AI_Python/Project/Homework_wr/src/install/turtlesim_cleaner/lib/python3.11/site-packages:${PYTHONPATH} _=/usr/bin/env /usr/bin/python -W ignore:setup.py install is deprecated setup.py egg_info --egg-base ../build/turtlesim_cleaner build --build-base /home/ionut/UNI/Year_3/AI_Python/Project/Homework_wr/src/build/turtlesim_cleaner/build install --record /home/ionut/UNI/Year_3/AI_Python/Project/Homework_wr/src/build/turtlesim_cleaner/install.log --single-version-externally-managed install_data
