[0.000000] (-) TimerEvent: {}
[0.000294] (turtlesim_cleaner) JobQueued: {'identifier': 'turtlesim_cleaner', 'dependencies': OrderedDict()}
[0.000455] (turtlesim_cleaner) JobStarted: {'identifier': 'turtlesim_cleaner'}
[0.098883] (-) TimerEvent: {}
[0.199200] (-) TimerEvent: {}
[0.299631] (-) TimerEvent: {}
[0.400075] (-) TimerEvent: {}
[0.500475] (-) TimerEvent: {}
[0.600834] (-) TimerEvent: {}
[0.701094] (-) TimerEvent: {}
[0.801343] (-) TimerEvent: {}
[0.901652] (-) TimerEvent: {}
[1.001902] (-) TimerEvent: {}
[1.066040] (turtlesim_cleaner) Command: {'cmd': ['/usr/bin/python', '-W', 'ignore:setup.py install is deprecated', 'setup.py', 'develop', '--editable', '--build-directory', '/home/ionut/UNI/Year_3/AI_Python/Project/Homework_wr/build/turtlesim_cleaner/build', '--no-deps', 'symlink_data', '--force'], 'cwd': '/home/ionut/UNI/Year_3/AI_Python/Project/Homework_wr/build/turtlesim_cleaner', 'env': {'SHELL': '/bin/bash', 'ROS_VERSION': '2', 'WINDOWID': '3', 'COLORTERM': 'truecolor', 'CSF_MDTVTexturesDirectory': '/usr/share/opencascade/resources/Textures', 'XDG_CONFIG_DIRS': '/home/ionut/.config/kdedefaults:/etc/xdg', 'KGLOBALACCELD_PLATFORM': 'org.kde.kwin', 'XDG_SESSION_PATH': '/org/freedesktop/DisplayManager/Session1', 'XDG_MENU_PREFIX': 'plasma-', 'CSF_DrawPluginDefaults': '/usr/share/opencascade/resources/DrawResources', 'PKG_CONFIG_PATH': '/opt/ros/humble/lib/pkgconfig', 'ROS_PYTHON_VERSION': '3', 'LANGUAGE': 'en_US.UTF-8', 'JAVA_HOME': 'usr/lib/jvm/java-21-jdk', 'CSF_LANGUAGE': 'us', 'SSH_AUTH_SOCK': '/run/user/1000/gcr/ssh', 'DOTNET_CLI_TELEMETRY_OPTOUT': '1', 'CSF_MIGRATION_TYPES': '/usr/share/opencascade/resources/StdResource/MigrationSheet.txt', 'GRADLE_HOME': '/usr/share/java/gradle', 'SHELL_SESSION_ID': '992e090d217a4c28bb080ae0fc2a0cba', 'MEMORY_PRESSURE_WRITE': 'c29tZSAyMDAwMDAgMjAwMDAwMAA=', 'DESKTOP_SESSION': 'plasma', 'CSF_OCCTResourcePath': '/usr/share/opencascade/resources', 'CSF_STEPDefaults': '/usr/share/opencascade/resources/XSTEPResource', 'EDITOR': 'neovim', 'XDG_SEAT': 'seat0', 'PWD': '/home/ionut/UNI/Year_3/AI_Python/Project/Homework_wr/build/turtlesim_cleaner', 'LOGNAME': 'ionut', 'XDG_SESSION_DESKTOP': 'KDE', 'QT_QPA_PLATFORMTHEME': 'qt5ct', 'XDG_SESSION_TYPE': 'wayland', 'DRAWHOME': '/usr/share/opencascade/resources/DrawResources', 'ROS_DOMAIN_ID': '42', 'SYSTEMD_EXEC_PID': '859', 'PATH_TO_FX': '/home/ionut/Downloads/javafx-sdk-21.0.1/lib', 'XAUTHORITY': '/run/user/1000/xauth_NmjXQz', 'CSF_StandardLiteDefaults': '/usr/share/opencascade/resources/StdResource', 'MOTD_SHOWN': 'pam', 'XKB_DEFAULT_MODEL': 'pc105+inet', 'HOME': '/home/ionut', 'LANG': 'en_US.UTF-8', 'XDG_CURRENT_DESKTOP': 'KDE', 'KONSOLE_DBUS_SERVICE': ':1.69', 'MEMORY_PRESSURE_WATCH': '/sys/fs/cgroup/user.slice/user-1000.slice/user@1000.service/session.slice/plasma-kwin_wayland.service/memory.pressure', 'STARSHIP_SHELL': 'bash', 'WAYLAND_DISPLAY': 'wayland-0', 'KONSOLE_DBUS_SESSION': '/Sessions/1', 'PROFILEHOME': '/home/ionut', 'AMENT_PREFIX_PATH': '/home/ionut/UNI/Year_3/AI_Python/Project/Homework_wr/src/install/turtlesim_cleaner:/home/ionut/UNI/Year_3/AI_Python/Project/Homework_wr/src/turtlesim_cleaner/install/turtlesim_cleaner:/home/ionut/UNI/Year_3/AI_Python/Project/Homework_wr/install/turtlesim_cleaner:/opt/ros/humble', 'CMAKE_PREFIX_PATH': '/opt/ros/humble', 'XDG_SEAT_PATH': '/org/freedesktop/DisplayManager/Seat0', 'COLCON_PREFIX_PATH': '/home/ionut/UNI/Year_3/AI_Python/Project/Homework_wr/src/turtlesim_cleaner/install:/opt/ros/humble:/home/ionut/UNI/Year_3/AI_Python/Project/Homework_wr/src/install:/home/ionut/UNI/Year_3/AI_Python/Project/Homework_wr/install', 'INVOCATION_ID': 'c70dd4c32ef14a4ba02af0be6065ff09', 'NNN_COLORS': '3f', 'KONSOLE_VERSION': '240202', 'MANAGERPID': '675', 'NNN_EDITOR': 'neovim', 'lC_CTYPE': 'en_US.UFT-8', 'CSF_ShadersDirectory': '/usr/share/opencascade/resources/Shaders', 'CSF_EXCEPTION_PROMPT': '1', 'CSF_XmlOcafResource': '/usr/share/opencascade/resources/XmlOcafResource', 'STARSHIP_SESSION_KEY': '1135826473284801', 'KDE_SESSION_UID': '1000', 'XKB_DEFAULT_LAYOUT': 'us', 'CSF_SHMessage': '/usr/share/opencascade/resources/SHMessage', 'XDG_ACTIVATION_TOKEN': 'kwin-1', 'XDG_SESSION_CLASS': 'user', 'PYTHONPATH': '/home/ionut/UNI/Year_3/AI_Python/Project/Homework_wr/build/turtlesim_cleaner/prefix_override:/home/ionut/UNI/Year_3/AI_Python/Project/Homework_wr/install/turtlesim_cleaner/lib/python3.11/site-packages:/home/ionut/UNI/Year_3/AI_Python/Project/Homework_wr/src/install/turtlesim_cleaner/lib/python3.11/site-packages:/home/ionut/UNI/Year_3/AI_Python/Project/Homework_wr/src/turtlesim_cleaner/install/turtlesim_cleaner/lib/python3.11/site-packages:/home/ionut/UNI/Year_3/AI_Python/Project/Homework_wr/install/turtlesim_cleaner/lib/python3.11/site-packages:/home/ionut/.cache/yay/ros2-humble/src/install/lib/python3.11/dist-packages:/opt/ros/humble/lib/python3.11/site-packages', 'COLCON': '1', 'TERM': 'xterm-256color', 'NNN_FCOLORS': '0008dc1b0006450009090B05', 'USER': 'ionut', 'COLORFGBG': '15;0', 'LATEX_MK_DIR': '/usr/share/latex-mk', 'CSF_StandardDefaults': '/usr/share/opencascade/resources/StdResource', 'QT_WAYLAND_RECONNECT': '1', 'KDE_SESSION_VERSION': '6', 'PAM_KWALLET5_LOGIN': '/run/user/1000/kwallet5.socket', 'CSF_IGESDefaults': '/usr/share/opencascade/resources/XSTEPResource', 'VISUAL': 'nvim', 'DISPLAY': ':1', 'CSF_XCAFDefaults': '/usr/share/opencascade/resources/StdResource', 'SHLVL': '1', 'XDG_VTNR': '1', 'CSF_PluginDefaults': '/usr/share/opencascade/resources/StdResource', 'CSF_TObjMessage': '/usr/share/opencascade/resources/TObj', 'XDG_SESSION_ID': '2', 'CASROOT': '/usr', 'LD_LIBRARY_PATH': '/opt/ros/humble/opt/rviz_ogre_vendor/lib:/opt/ros/humble/lib::/usr/lib:/usr/lib:/usr/lib:/usr/lib:/usr/lib', 'XDG_RUNTIME_DIR': '/run/user/1000', 'ROS_LOCALHOST_ONLY': '0', 'lC_ALL': 'en_US.UFT-8', 'DEBUGINFOD_URLS': 'https://debuginfod.archlinux.org', 'LC_TIME': 'ro_RO.UTF-8', 'NNN_OPENER': 'nuke', 'LC_ALL': 'en_US.UTF-8', 'QT_AUTO_SCREEN_SCALE_FACTOR': '0', 'JOURNAL_STREAM': '8:1884', 'CSF_XSMessage': '/usr/share/opencascade/resources/XSMessage', 'MMGT_CLEAR': '1', 'KDE_FULL_SESSION': 'true', 'PATH': '/home/ionut/.cargo/bin:/opt/ros/humble/bin:/usr/local/sbin:/usr/local/bin:/usr/bin:/usr/lib/jvm/default/bin:/usr/bin/site_perl:/usr/bin/vendor_perl:/usr/bin/core_perl:/home/ionut/.spicetify:/home/ionut/.spicetify:/home/ionut/.spicetify:/home/ionut/.spicetify:/home/ionut/.spicetify:/home/ionut/.spicetify', 'CSF_TObjDefaults': '/usr/share/opencascade/resources/StdResource', 'DBUS_SESSION_BUS_ADDRESS': 'unix:path=/run/user/1000/bus', 'KDE_APPLICATIONS_AS_SCOPE': '1', 'MAIL': '/var/spool/mail/ionut', 'DRAWDEFAULT': '/usr/share/opencascade/resources/DrawResources/DrawDefault', 'ROS_DISTRO': 'humble', 'XKB_DEFAULT_OPTIONS': 'terminate:ctrl_alt_bksp', 'OLDPWD': '/home/ionut', 'KONSOLE_DBUS_WINDOW': '/Windows/1', '_': '/usr/bin/env'}, 'shell': False}
[1.102019] (-) TimerEvent: {}
[1.202339] (-) TimerEvent: {}
[1.302679] (-) TimerEvent: {}
[1.403032] (-) TimerEvent: {}
[1.431987] (turtlesim_cleaner) StdoutLine: {'line': b'running develop\n'}
[1.432390] (turtlesim_cleaner) StderrLine: {'line': b'/usr/lib/python3.11/site-packages/setuptools/command/develop.py:39: EasyInstallDeprecationWarning: easy_install command is deprecated.\n'}
[1.432602] (turtlesim_cleaner) StderrLine: {'line': b'!!\n'}
[1.432773] (turtlesim_cleaner) StderrLine: {'line': b'\n'}
[1.432915] (turtlesim_cleaner) StderrLine: {'line': b'        ********************************************************************************\n'}
[1.433037] (turtlesim_cleaner) StderrLine: {'line': b'        Please avoid running ``setup.py`` and ``easy_install``.\n'}
[1.433157] (turtlesim_cleaner) StderrLine: {'line': b'        Instead, use pypa/build, pypa/installer or other\n'}
[1.433272] (turtlesim_cleaner) StderrLine: {'line': b'        standards-based tools.\n'}
[1.433385] (turtlesim_cleaner) StderrLine: {'line': b'\n'}
[1.433497] (turtlesim_cleaner) StderrLine: {'line': b'        See https://github.com/pypa/setuptools/issues/917 for details.\n'}
[1.433610] (turtlesim_cleaner) StderrLine: {'line': b'        ********************************************************************************\n'}
[1.433750] (turtlesim_cleaner) StderrLine: {'line': b'\n'}
[1.433863] (turtlesim_cleaner) StderrLine: {'line': b'!!\n'}
[1.433974] (turtlesim_cleaner) StderrLine: {'line': b'  easy_install.initialize_options(self)\n'}
[1.503133] (-) TimerEvent: {}
[1.603416] (-) TimerEvent: {}
[1.672497] (turtlesim_cleaner) StdoutLine: {'line': b'running egg_info\n'}
[1.691732] (turtlesim_cleaner) StdoutLine: {'line': b'writing turtlesim_cleaner.egg-info/PKG-INFO\n'}
[1.692259] (turtlesim_cleaner) StdoutLine: {'line': b'writing dependency_links to turtlesim_cleaner.egg-info/dependency_links.txt\n'}
[1.692458] (turtlesim_cleaner) StdoutLine: {'line': b'writing entry points to turtlesim_cleaner.egg-info/entry_points.txt\n'}
[1.692637] (turtlesim_cleaner) StdoutLine: {'line': b'writing requirements to turtlesim_cleaner.egg-info/requires.txt\n'}
[1.692824] (turtlesim_cleaner) StdoutLine: {'line': b'writing top-level names to turtlesim_cleaner.egg-info/top_level.txt\n'}
[1.703511] (-) TimerEvent: {}
[1.735779] (turtlesim_cleaner) StdoutLine: {'line': b"reading manifest file 'turtlesim_cleaner.egg-info/SOURCES.txt'\n"}
[1.736599] (turtlesim_cleaner) StdoutLine: {'line': b"writing manifest file 'turtlesim_cleaner.egg-info/SOURCES.txt'\n"}
[1.757634] (turtlesim_cleaner) StdoutLine: {'line': b'running build_ext\n'}
[1.760838] (turtlesim_cleaner) StdoutLine: {'line': b'Creating /home/ionut/UNI/Year_3/AI_Python/Project/Homework_wr/install/turtlesim_cleaner/lib/python3.11/site-packages/turtlesim_cleaner.egg-link (link to .)\n'}
[1.761607] (turtlesim_cleaner) StdoutLine: {'line': b'Installing test_node script to /home/ionut/UNI/Year_3/AI_Python/Project/Homework_wr/install/turtlesim_cleaner/lib/turtlesim_cleaner\n'}
[1.761888] (turtlesim_cleaner) StdoutLine: {'line': b'\n'}
[1.762026] (turtlesim_cleaner) StdoutLine: {'line': b'Installed /home/ionut/UNI/Year_3/AI_Python/Project/Homework_wr/build/turtlesim_cleaner\n'}
[1.762185] (turtlesim_cleaner) StdoutLine: {'line': b'running symlink_data\n'}
[1.762337] (turtlesim_cleaner) StdoutLine: {'line': b'symbolically linking /home/ionut/UNI/Year_3/AI_Python/Project/Homework_wr/build/turtlesim_cleaner/resource/turtlesim_cleaner -> /home/ionut/UNI/Year_3/AI_Python/Project/Homework_wr/install/turtlesim_cleaner/share/ament_index/resource_index/packages\n'}
[1.762485] (turtlesim_cleaner) StdoutLine: {'line': b'symbolically linking /home/ionut/UNI/Year_3/AI_Python/Project/Homework_wr/build/turtlesim_cleaner/package.xml -> /home/ionut/UNI/Year_3/AI_Python/Project/Homework_wr/install/turtlesim_cleaner/share/turtlesim_cleaner\n'}
[1.803641] (-) TimerEvent: {}
[1.821352] (turtlesim_cleaner) CommandEnded: {'returncode': 0}
[1.832239] (turtlesim_cleaner) JobEnded: {'identifier': 'turtlesim_cleaner', 'rc': 0}
[1.833235] (-) EventReactorShutdown: {}
