[0.000000] (-) TimerEvent: {}
[0.000836] (turtlesim_cleaner) JobQueued: {'identifier': 'turtlesim_cleaner', 'dependencies': OrderedDict()}
[0.000972] (turtlesim_cleaner) JobStarted: {'identifier': 'turtlesim_cleaner'}
[0.099570] (-) TimerEvent: {}
[0.199860] (-) TimerEvent: {}
[0.300168] (-) TimerEvent: {}
[0.400565] (-) TimerEvent: {}
[0.500812] (-) TimerEvent: {}
[0.601091] (-) TimerEvent: {}
[0.701347] (-) TimerEvent: {}
[0.801621] (-) TimerEvent: {}
[0.901989] (-) TimerEvent: {}
[0.919632] (turtlesim_cleaner) Command: {'cmd': ['/usr/bin/python', '-W', 'ignore:setup.py install is deprecated', 'setup.py', 'egg_info', '--egg-base', 'build/turtlesim_cleaner', 'build', '--build-base', '/home/ionut/UNI/Year_3/AI_Python/Project/Homework_wr/src/turtlesim_cleaner/build/turtlesim_cleaner/build', 'install', '--record', '/home/ionut/UNI/Year_3/AI_Python/Project/Homework_wr/src/turtlesim_cleaner/build/turtlesim_cleaner/install.log', '--single-version-externally-managed', 'install_data'], 'cwd': '/home/ionut/UNI/Year_3/AI_Python/Project/Homework_wr/src/turtlesim_cleaner', 'env': {'SHELL': '/bin/bash', 'ROS_VERSION': '2', 'WINDOWID': '3', 'COLORTERM': 'truecolor', 'CSF_MDTVTexturesDirectory': '/usr/share/opencascade/resources/Textures', 'XDG_CONFIG_DIRS': '/home/ionut/.config/kdedefaults:/etc/xdg', 'KGLOBALACCELD_PLATFORM': 'org.kde.kwin', 'XDG_SESSION_PATH': '/org/freedesktop/DisplayManager/Session1', 'XDG_MENU_PREFIX': 'plasma-', 'CSF_DrawPluginDefaults': '/usr/share/opencascade/resources/DrawResources', 'PKG_CONFIG_PATH': '/opt/ros/humble/lib/pkgconfig', 'ROS_PYTHON_VERSION': '3', 'LANGUAGE': 'en_US.UTF-8', 'JAVA_HOME': 'usr/lib/jvm/java-21-jdk', 'CSF_LANGUAGE': 'us', 'SSH_AUTH_SOCK': '/run/user/1000/gcr/ssh', 'DOTNET_CLI_TELEMETRY_OPTOUT': '1', 'CSF_MIGRATION_TYPES': '/usr/share/opencascade/resources/StdResource/MigrationSheet.txt', 'GRADLE_HOME': '/usr/share/java/gradle', 'SHELL_SESSION_ID': 'd8f21b3fd8e244a18ccea677054a2095', 'MEMORY_PRESSURE_WRITE': 'c29tZSAyMDAwMDAgMjAwMDAwMAA=', 'DESKTOP_SESSION': 'plasma', 'CSF_OCCTResourcePath': '/usr/share/opencascade/resources', 'CSF_STEPDefaults': '/usr/share/opencascade/resources/XSTEPResource', 'EDITOR': 'neovim', 'XDG_SEAT': 'seat0', 'PWD': '/home/ionut/UNI/Year_3/AI_Python/Project/Homework_wr/src/turtlesim_cleaner/build/turtlesim_cleaner', 'LOGNAME': 'ionut', 'XDG_SESSION_DESKTOP': 'KDE', 'QT_QPA_PLATFORMTHEME': 'qt5ct', 'XDG_SESSION_TYPE': 'wayland', 'DRAWHOME': '/usr/share/opencascade/resources/DrawResources', 'ROS_DOMAIN_ID': '42', 'SYSTEMD_EXEC_PID': '853', 'PATH_TO_FX': '/home/ionut/Downloads/javafx-sdk-21.0.1/lib', 'XAUTHORITY': '/run/user/1000/xauth_rzjlUR', 'CSF_StandardLiteDefaults': '/usr/share/opencascade/resources/StdResource', 'MOTD_SHOWN': 'pam', 'XKB_DEFAULT_MODEL': 'pc105+inet', 'HOME': '/home/ionut', 'LANG': 'en_US.UTF-8', 'XDG_CURRENT_DESKTOP': 'KDE', 'KONSOLE_DBUS_SERVICE': ':1.68', 'MEMORY_PRESSURE_WATCH': '/sys/fs/cgroup/user.slice/user-1000.slice/user@1000.service/session.slice/plasma-kwin_wayland.service/memory.pressure', 'STARSHIP_SHELL': 'bash', 'WAYLAND_DISPLAY': 'wayland-0', 'KONSOLE_DBUS_SESSION': '/Sessions/2', 'PROFILEHOME': '/home/ionut', 'AMENT_PREFIX_PATH': '/opt/ros/humble', 'CMAKE_PREFIX_PATH': '/opt/ros/humble', 'XDG_SEAT_PATH': '/org/freedesktop/DisplayManager/Seat0', 'COLCON_PREFIX_PATH': '/opt/ros/humble', 'INVOCATION_ID': 'e2b03a1975da477ca419d1f669bf5c9c', 'NNN_COLORS': '3f', 'KONSOLE_VERSION': '240202', 'MANAGERPID': '671', 'NNN_EDITOR': 'neovim', 'lC_CTYPE': 'en_US.UFT-8', 'CSF_ShadersDirectory': '/usr/share/opencascade/resources/Shaders', 'CSF_EXCEPTION_PROMPT': '1', 'CSF_XmlOcafResource': '/usr/share/opencascade/resources/XmlOcafResource', 'STARSHIP_SESSION_KEY': '2394522511102089', 'KDE_SESSION_UID': '1000', 'XKB_DEFAULT_LAYOUT': 'us', 'CSF_SHMessage': '/usr/share/opencascade/resources/SHMessage', 'XDG_ACTIVATION_TOKEN': 'kwin-1', 'XDG_SESSION_CLASS': 'user', 'PYTHONPATH': '/home/ionut/UNI/Year_3/AI_Python/Project/Homework_wr/src/turtlesim_cleaner/build/turtlesim_cleaner/prefix_override:/home/ionut/UNI/Year_3/AI_Python/Project/Homework_wr/src/turtlesim_cleaner/install/turtlesim_cleaner/lib/python3.11/site-packages:/home/ionut/.cache/yay/ros2-humble/src/install/lib/python3.11/dist-packages:/opt/ros/humble/lib/python3.11/site-packages', 'COLCON': '1', 'TERM': 'xterm-256color', 'NNN_FCOLORS': '0008dc1b0006450009090B05', 'USER': 'ionut', 'COLORFGBG': '15;0', 'LATEX_MK_DIR': '/usr/share/latex-mk', 'CSF_StandardDefaults': '/usr/share/opencascade/resources/StdResource', 'QT_WAYLAND_RECONNECT': '1', 'KDE_SESSION_VERSION': '6', 'PAM_KWALLET5_LOGIN': '/run/user/1000/kwallet5.socket', 'CSF_IGESDefaults': '/usr/share/opencascade/resources/XSTEPResource', 'VISUAL': 'nvim', 'DISPLAY': ':1', 'CSF_XCAFDefaults': '/usr/share/opencascade/resources/StdResource', 'SHLVL': '1', 'XDG_VTNR': '1', 'CSF_PluginDefaults': '/usr/share/opencascade/resources/StdResource', 'CSF_TObjMessage': '/usr/share/opencascade/resources/TObj', 'XDG_SESSION_ID': '2', 'CASROOT': '/usr', 'LD_LIBRARY_PATH': '/opt/ros/humble/opt/rviz_ogre_vendor/lib:/opt/ros/humble/lib::/usr/lib', 'XDG_RUNTIME_DIR': '/run/user/1000', 'ROS_LOCALHOST_ONLY': '0', 'lC_ALL': 'en_US.UFT-8', 'DEBUGINFOD_URLS': 'https://debuginfod.archlinux.org', 'LC_TIME': 'ro_RO.UTF-8', 'NNN_OPENER': 'nuke', 'LC_ALL': 'en_US.UTF-8', 'QT_AUTO_SCREEN_SCALE_FACTOR': '0', 'JOURNAL_STREAM': '8:11804', 'CSF_XSMessage': '/usr/share/opencascade/resources/XSMessage', 'MMGT_CLEAR': '1', 'KDE_FULL_SESSION': 'true', 'PATH': '/home/ionut/.cargo/bin:/opt/ros/humble/bin:/usr/local/sbin:/usr/local/bin:/usr/bin:/usr/lib/jvm/default/bin:/usr/bin/site_perl:/usr/bin/vendor_perl:/usr/bin/core_perl:/home/ionut/.spicetify:/home/ionut/.spicetify', 'CSF_TObjDefaults': '/usr/share/opencascade/resources/StdResource', 'DBUS_SESSION_BUS_ADDRESS': 'unix:path=/run/user/1000/bus', 'KDE_APPLICATIONS_AS_SCOPE': '1', 'MAIL': '/var/spool/mail/ionut', 'DRAWDEFAULT': '/usr/share/opencascade/resources/DrawResources/DrawDefault', 'ROS_DISTRO': 'humble', 'XKB_DEFAULT_OPTIONS': 'terminate:ctrl_alt_bksp', 'KONSOLE_DBUS_WINDOW': '/Windows/1', '_': '/usr/bin/env'}, 'shell': False}
[1.002078] (-) TimerEvent: {}
[1.102333] (-) TimerEvent: {}
[1.202591] (-) TimerEvent: {}
[1.206984] (turtlesim_cleaner) StdoutLine: {'line': b'running egg_info\n'}
[1.207389] (turtlesim_cleaner) StdoutLine: {'line': b'creating build/turtlesim_cleaner/turtlesim_cleaner.egg-info\n'}
[1.227480] (turtlesim_cleaner) StdoutLine: {'line': b'writing build/turtlesim_cleaner/turtlesim_cleaner.egg-info/PKG-INFO\n'}
[1.227947] (turtlesim_cleaner) StdoutLine: {'line': b'writing dependency_links to build/turtlesim_cleaner/turtlesim_cleaner.egg-info/dependency_links.txt\n'}
[1.228162] (turtlesim_cleaner) StdoutLine: {'line': b'writing requirements to build/turtlesim_cleaner/turtlesim_cleaner.egg-info/requires.txt\n'}
[1.228269] (turtlesim_cleaner) StdoutLine: {'line': b'writing top-level names to build/turtlesim_cleaner/turtlesim_cleaner.egg-info/top_level.txt\n'}
[1.228421] (turtlesim_cleaner) StdoutLine: {'line': b"writing manifest file 'build/turtlesim_cleaner/turtlesim_cleaner.egg-info/SOURCES.txt'\n"}
[1.268522] (turtlesim_cleaner) StdoutLine: {'line': b"reading manifest file 'build/turtlesim_cleaner/turtlesim_cleaner.egg-info/SOURCES.txt'\n"}
[1.269192] (turtlesim_cleaner) StdoutLine: {'line': b"writing manifest file 'build/turtlesim_cleaner/turtlesim_cleaner.egg-info/SOURCES.txt'\n"}
[1.269329] (turtlesim_cleaner) StdoutLine: {'line': b'running build\n'}
[1.269438] (turtlesim_cleaner) StdoutLine: {'line': b'running build_py\n'}
[1.269564] (turtlesim_cleaner) StdoutLine: {'line': b'creating /home/ionut/UNI/Year_3/AI_Python/Project/Homework_wr/src/turtlesim_cleaner/build/turtlesim_cleaner/build\n'}
[1.269693] (turtlesim_cleaner) StdoutLine: {'line': b'creating /home/ionut/UNI/Year_3/AI_Python/Project/Homework_wr/src/turtlesim_cleaner/build/turtlesim_cleaner/build/lib\n'}
[1.269791] (turtlesim_cleaner) StdoutLine: {'line': b'creating /home/ionut/UNI/Year_3/AI_Python/Project/Homework_wr/src/turtlesim_cleaner/build/turtlesim_cleaner/build/lib/turtlesim_cleaner\n'}
[1.269888] (turtlesim_cleaner) StdoutLine: {'line': b'copying turtlesim_cleaner/__init__.py -> /home/ionut/UNI/Year_3/AI_Python/Project/Homework_wr/src/turtlesim_cleaner/build/turtlesim_cleaner/build/lib/turtlesim_cleaner\n'}
[1.270091] (turtlesim_cleaner) StdoutLine: {'line': b'running install\n'}
[1.276464] (turtlesim_cleaner) StdoutLine: {'line': b'running install_lib\n'}
[1.295368] (turtlesim_cleaner) StdoutLine: {'line': b'creating /home/ionut/UNI/Year_3/AI_Python/Project/Homework_wr/src/turtlesim_cleaner/install/turtlesim_cleaner/lib/python3.11/site-packages/turtlesim_cleaner\n'}
[1.295554] (turtlesim_cleaner) StdoutLine: {'line': b'copying /home/ionut/UNI/Year_3/AI_Python/Project/Homework_wr/src/turtlesim_cleaner/build/turtlesim_cleaner/build/lib/turtlesim_cleaner/__init__.py -> /home/ionut/UNI/Year_3/AI_Python/Project/Homework_wr/src/turtlesim_cleaner/install/turtlesim_cleaner/lib/python3.11/site-packages/turtlesim_cleaner\n'}
[1.296159] (turtlesim_cleaner) StdoutLine: {'line': b'byte-compiling /home/ionut/UNI/Year_3/AI_Python/Project/Homework_wr/src/turtlesim_cleaner/install/turtlesim_cleaner/lib/python3.11/site-packages/turtlesim_cleaner/__init__.py to __init__.cpython-311.pyc\n'}
[1.296430] (turtlesim_cleaner) StdoutLine: {'line': b'running install_data\n'}
[1.296543] (turtlesim_cleaner) StdoutLine: {'line': b'creating /home/ionut/UNI/Year_3/AI_Python/Project/Homework_wr/src/turtlesim_cleaner/install/turtlesim_cleaner/share/ament_index\n'}
[1.296675] (turtlesim_cleaner) StdoutLine: {'line': b'creating /home/ionut/UNI/Year_3/AI_Python/Project/Homework_wr/src/turtlesim_cleaner/install/turtlesim_cleaner/share/ament_index/resource_index\n'}
[1.296754] (turtlesim_cleaner) StdoutLine: {'line': b'creating /home/ionut/UNI/Year_3/AI_Python/Project/Homework_wr/src/turtlesim_cleaner/install/turtlesim_cleaner/share/ament_index/resource_index/packages\n'}
[1.296868] (turtlesim_cleaner) StdoutLine: {'line': b'copying resource/turtlesim_cleaner -> /home/ionut/UNI/Year_3/AI_Python/Project/Homework_wr/src/turtlesim_cleaner/install/turtlesim_cleaner/share/ament_index/resource_index/packages\n'}
[1.296985] (turtlesim_cleaner) StdoutLine: {'line': b'copying package.xml -> /home/ionut/UNI/Year_3/AI_Python/Project/Homework_wr/src/turtlesim_cleaner/install/turtlesim_cleaner/share/turtlesim_cleaner\n'}
[1.297102] (turtlesim_cleaner) StdoutLine: {'line': b'running install_egg_info\n'}
[1.302673] (-) TimerEvent: {}
[1.319165] (turtlesim_cleaner) StdoutLine: {'line': b'Copying build/turtlesim_cleaner/turtlesim_cleaner.egg-info to /home/ionut/UNI/Year_3/AI_Python/Project/Homework_wr/src/turtlesim_cleaner/install/turtlesim_cleaner/lib/python3.11/site-packages/turtlesim_cleaner-0.0.0-py3.11.egg-info\n'}
[1.320156] (turtlesim_cleaner) StdoutLine: {'line': b'running install_scripts\n'}
[1.402767] (-) TimerEvent: {}
[1.466404] (turtlesim_cleaner) StdoutLine: {'line': b"writing list of installed files to '/home/ionut/UNI/Year_3/AI_Python/Project/Homework_wr/src/turtlesim_cleaner/build/turtlesim_cleaner/install.log'\n"}
[1.502880] (-) TimerEvent: {}
[1.507228] (turtlesim_cleaner) CommandEnded: {'returncode': 0}
[1.529030] (turtlesim_cleaner) JobEnded: {'identifier': 'turtlesim_cleaner', 'rc': 0}
[1.530331] (-) EventReactorShutdown: {}
