[0.000000] (-) TimerEvent: {}
[0.000509] (turtlesim_cleaner) JobQueued: {'identifier': 'turtlesim_cleaner', 'dependencies': OrderedDict()}
[0.000554] (turtlesim_cleaner) JobStarted: {'identifier': 'turtlesim_cleaner'}
[0.099777] (-) TimerEvent: {}
[0.200068] (-) TimerEvent: {}
[0.300417] (-) TimerEvent: {}
[0.400810] (-) TimerEvent: {}
[0.501200] (-) TimerEvent: {}
[0.601701] (-) TimerEvent: {}
[0.701969] (-) TimerEvent: {}
[0.802246] (-) TimerEvent: {}
[0.902635] (-) TimerEvent: {}
[1.002936] (-) TimerEvent: {}
[1.052334] (turtlesim_cleaner) Command: {'cmd': ['/usr/bin/python', '-W', 'ignore:setup.py install is deprecated', 'setup.py', 'develop', '--uninstall', '--editable', '--build-directory', '/home/ionut/UNI/Year_3/AI_Python/Project/Homework_wr/build/turtlesim_cleaner/build'], 'cwd': '/home/ionut/UNI/Year_3/AI_Python/Project/Homework_wr/build/turtlesim_cleaner', 'env': {'SHELL': '/bin/bash', 'ROS_VERSION': '2', 'WINDOWID': '3', 'COLORTERM': 'truecolor', 'CSF_MDTVTexturesDirectory': '/usr/share/opencascade/resources/Textures', 'XDG_CONFIG_DIRS': '/home/ionut/.config/kdedefaults:/etc/xdg', 'KGLOBALACCELD_PLATFORM': 'org.kde.kwin', 'XDG_SESSION_PATH': '/org/freedesktop/DisplayManager/Session1', 'XDG_MENU_PREFIX': 'plasma-', 'CSF_DrawPluginDefaults': '/usr/share/opencascade/resources/DrawResources', 'PKG_CONFIG_PATH': '/opt/ros/humble/lib/pkgconfig', 'ROS_PYTHON_VERSION': '3', 'LANGUAGE': 'en_US.UTF-8', 'JAVA_HOME': 'usr/lib/jvm/java-21-jdk', 'CSF_LANGUAGE': 'us', 'SSH_AUTH_SOCK': '/run/user/1000/gcr/ssh', 'DOTNET_CLI_TELEMETRY_OPTOUT': '1', 'CSF_MIGRATION_TYPES': '/usr/share/opencascade/resources/StdResource/MigrationSheet.txt', 'GRADLE_HOME': '/usr/share/java/gradle', 'SHELL_SESSION_ID': 'd0a93d091cc04ee8b146de5986e08beb', 'MEMORY_PRESSURE_WRITE': 'c29tZSAyMDAwMDAgMjAwMDAwMAA=', 'DESKTOP_SESSION': 'plasma', 'CSF_OCCTResourcePath': '/usr/share/opencascade/resources', 'CSF_STEPDefaults': '/usr/share/opencascade/resources/XSTEPResource', 'EDITOR': 'neovim', 'XDG_SEAT': 'seat0', 'PWD': '/home/ionut/UNI/Year_3/AI_Python/Project/Homework_wr/build/turtlesim_cleaner', 'LOGNAME': 'ionut', 'XDG_SESSION_DESKTOP': 'KDE', 'QT_QPA_PLATFORMTHEME': 'qt5ct', 'XDG_SESSION_TYPE': 'wayland', 'DRAWHOME': '/usr/share/opencascade/resources/DrawResources', 'ROS_DOMAIN_ID': '42', 'SYSTEMD_EXEC_PID': '836', 'PATH_TO_FX': '/home/ionut/Downloads/javafx-sdk-21.0.1/lib', 'XAUTHORITY': '/run/user/1000/xauth_kRrgne', 'CSF_StandardLiteDefaults': '/usr/share/opencascade/resources/StdResource', 'MOTD_SHOWN': 'pam', 'XKB_DEFAULT_MODEL': 'pc105+inet', 'HOME': '/home/ionut', 'LANG': 'en_US.UTF-8', 'XDG_CURRENT_DESKTOP': 'KDE', 'KONSOLE_DBUS_SERVICE': ':1.68', 'MEMORY_PRESSURE_WATCH': '/sys/fs/cgroup/user.slice/user-1000.slice/user@1000.service/session.slice/plasma-kwin_wayland.service/memory.pressure', 'STARSHIP_SHELL': 'bash', 'WAYLAND_DISPLAY': 'wayland-0', 'KONSOLE_DBUS_SESSION': '/Sessions/2', 'PROFILEHOME': '/home/ionut', 'AMENT_PREFIX_PATH': '/home/ionut/UNI/Year_3/AI_Python/Project/Homework_wr/install/turtlesim_cleaner:/home/ionut/UNI/Year_3/AI_Python/Project/Homework_wr/src/turtlesim_cleaner/install/turtlesim_cleaner:/opt/ros/humble', 'CMAKE_PREFIX_PATH': '/opt/ros/humble', 'XDG_SEAT_PATH': '/org/freedesktop/DisplayManager/Seat0', 'COLCON_PREFIX_PATH': '/opt/ros/humble:/home/ionut/UNI/Year_3/AI_Python/Project/Homework_wr/install:/home/ionut/UNI/Year_3/AI_Python/Project/Homework_wr/src/turtlesim_cleaner/install', 'INVOCATION_ID': '4d20ba2cbebc4f2eba4e73a253980f67', 'NNN_COLORS': '3f', 'KONSOLE_VERSION': '240202', 'MANAGERPID': '653', 'NNN_EDITOR': 'neovim', 'lC_CTYPE': 'en_US.UFT-8', 'CSF_ShadersDirectory': '/usr/share/opencascade/resources/Shaders', 'CSF_EXCEPTION_PROMPT': '1', 'CSF_XmlOcafResource': '/usr/share/opencascade/resources/XmlOcafResource', 'STARSHIP_SESSION_KEY': '2041014076280531', 'KDE_SESSION_UID': '1000', 'XKB_DEFAULT_LAYOUT': 'us', 'CSF_SHMessage': '/usr/share/opencascade/resources/SHMessage', 'XDG_ACTIVATION_TOKEN': 'kwin-1', 'XDG_SESSION_CLASS': 'user', 'PYTHONPATH': '/home/ionut/UNI/Year_3/AI_Python/Project/Homework_wr/build/turtlesim_cleaner/prefix_override:/home/ionut/UNI/Year_3/AI_Python/Project/Homework_wr/install/turtlesim_cleaner/lib/python3.11/site-packages:/home/ionut/UNI/Year_3/AI_Python/Project/Homework_wr/build/turtlesim_cleaner:/home/ionut/UNI/Year_3/AI_Python/Project/Homework_wr/install/turtlesim_cleaner/lib/python3.11/site-packages:/home/ionut/UNI/Year_3/AI_Python/Project/Homework_wr/src/turtlesim_cleaner/install/turtlesim_cleaner/lib/python3.11/site-packages:/home/ionut/.cache/yay/ros2-humble/src/install/lib/python3.11/dist-packages:/opt/ros/humble/lib/python3.11/site-packages', 'COLCON': '1', 'TERM': 'xterm-256color', 'NNN_FCOLORS': '0008dc1b0006450009090B05', 'USER': 'ionut', 'COLORFGBG': '15;0', 'LATEX_MK_DIR': '/usr/share/latex-mk', 'CSF_StandardDefaults': '/usr/share/opencascade/resources/StdResource', 'QT_WAYLAND_RECONNECT': '1', 'KDE_SESSION_VERSION': '6', 'PAM_KWALLET5_LOGIN': '/run/user/1000/kwallet5.socket', 'CSF_IGESDefaults': '/usr/share/opencascade/resources/XSTEPResource', 'VISUAL': 'nvim', 'DISPLAY': ':1', 'CSF_XCAFDefaults': '/usr/share/opencascade/resources/StdResource', 'SHLVL': '1', 'XDG_VTNR': '1', 'CSF_PluginDefaults': '/usr/share/opencascade/resources/StdResource', 'CSF_TObjMessage': '/usr/share/opencascade/resources/TObj', 'XDG_SESSION_ID': '2', 'CASROOT': '/usr', 'LD_LIBRARY_PATH': '/opt/ros/humble/opt/rviz_ogre_vendor/lib:/opt/ros/humble/lib::/usr/lib:/usr/lib', 'XDG_RUNTIME_DIR': '/run/user/1000', 'ROS_LOCALHOST_ONLY': '0', 'lC_ALL': 'en_US.UFT-8', 'DEBUGINFOD_URLS': 'https://debuginfod.archlinux.org', 'LC_TIME': 'ro_RO.UTF-8', 'NNN_OPENER': 'nuke', 'LC_ALL': 'en_US.UTF-8', 'QT_AUTO_SCREEN_SCALE_FACTOR': '0', 'JOURNAL_STREAM': '8:9815', 'CSF_XSMessage': '/usr/share/opencascade/resources/XSMessage', 'MMGT_CLEAR': '1', 'KDE_FULL_SESSION': 'true', 'PATH': '/home/ionut/.cargo/bin:/opt/ros/humble/bin:/usr/local/sbin:/usr/local/bin:/usr/bin:/usr/lib/jvm/default/bin:/usr/bin/site_perl:/usr/bin/vendor_perl:/usr/bin/core_perl:/home/ionut/.spicetify:/home/ionut/.spicetify:/home/ionut/.spicetify', 'CSF_TObjDefaults': '/usr/share/opencascade/resources/StdResource', 'DBUS_SESSION_BUS_ADDRESS': 'unix:path=/run/user/1000/bus', 'KDE_APPLICATIONS_AS_SCOPE': '1', 'MAIL': '/var/spool/mail/ionut', 'DRAWDEFAULT': '/usr/share/opencascade/resources/DrawResources/DrawDefault', 'ROS_DISTRO': 'humble', 'XKB_DEFAULT_OPTIONS': 'terminate:ctrl_alt_bksp', 'KONSOLE_DBUS_WINDOW': '/Windows/1', '_': '/usr/bin/env'}, 'shell': False}
[1.103048] (-) TimerEvent: {}
[1.203347] (-) TimerEvent: {}
[1.303686] (-) TimerEvent: {}
[1.367860] (turtlesim_cleaner) StdoutLine: {'line': b'running develop\n'}
[1.368491] (turtlesim_cleaner) StderrLine: {'line': b'/usr/lib/python3.11/site-packages/setuptools/command/develop.py:39: EasyInstallDeprecationWarning: easy_install command is deprecated.\n'}
[1.368736] (turtlesim_cleaner) StderrLine: {'line': b'!!\n'}
[1.368893] (turtlesim_cleaner) StderrLine: {'line': b'\n'}
[1.369066] (turtlesim_cleaner) StderrLine: {'line': b'        ********************************************************************************\n'}
[1.369218] (turtlesim_cleaner) StderrLine: {'line': b'        Please avoid running ``setup.py`` and ``easy_install``.\n'}
[1.369398] (turtlesim_cleaner) StderrLine: {'line': b'        Instead, use pypa/build, pypa/installer or other\n'}
[1.369513] (turtlesim_cleaner) StderrLine: {'line': b'        standards-based tools.\n'}
[1.369593] (turtlesim_cleaner) StderrLine: {'line': b'\n'}
[1.369669] (turtlesim_cleaner) StderrLine: {'line': b'        See https://github.com/pypa/setuptools/issues/917 for details.\n'}
[1.369748] (turtlesim_cleaner) StderrLine: {'line': b'        ********************************************************************************\n'}
[1.369825] (turtlesim_cleaner) StderrLine: {'line': b'\n'}
[1.369901] (turtlesim_cleaner) StderrLine: {'line': b'!!\n'}
[1.369973] (turtlesim_cleaner) StderrLine: {'line': b'  easy_install.initialize_options(self)\n'}
[1.403778] (-) TimerEvent: {}
[1.504054] (-) TimerEvent: {}
[1.592796] (turtlesim_cleaner) StdoutLine: {'line': b'Removing /home/ionut/UNI/Year_3/AI_Python/Project/Homework_wr/install/turtlesim_cleaner/lib/python3.11/site-packages/turtlesim_cleaner.egg-link (link to .)\n'}
[1.604166] (-) TimerEvent: {}
[1.646621] (turtlesim_cleaner) CommandEnded: {'returncode': 0}
[1.648375] (turtlesim_cleaner) Command: {'cmd': ['/usr/bin/python', '-W', 'ignore:setup.py install is deprecated', 'setup.py', 'egg_info', '--egg-base', '../../build/turtlesim_cleaner', 'build', '--build-base', '/home/ionut/UNI/Year_3/AI_Python/Project/Homework_wr/build/turtlesim_cleaner/build', 'install', '--record', '/home/ionut/UNI/Year_3/AI_Python/Project/Homework_wr/build/turtlesim_cleaner/install.log', '--single-version-externally-managed', 'install_data', '--force'], 'cwd': '/home/ionut/UNI/Year_3/AI_Python/Project/Homework_wr/src/turtlesim_cleaner', 'env': {'SHELL': '/bin/bash', 'ROS_VERSION': '2', 'WINDOWID': '3', 'COLORTERM': 'truecolor', 'CSF_MDTVTexturesDirectory': '/usr/share/opencascade/resources/Textures', 'XDG_CONFIG_DIRS': '/home/ionut/.config/kdedefaults:/etc/xdg', 'KGLOBALACCELD_PLATFORM': 'org.kde.kwin', 'XDG_SESSION_PATH': '/org/freedesktop/DisplayManager/Session1', 'XDG_MENU_PREFIX': 'plasma-', 'CSF_DrawPluginDefaults': '/usr/share/opencascade/resources/DrawResources', 'PKG_CONFIG_PATH': '/opt/ros/humble/lib/pkgconfig', 'ROS_PYTHON_VERSION': '3', 'LANGUAGE': 'en_US.UTF-8', 'JAVA_HOME': 'usr/lib/jvm/java-21-jdk', 'CSF_LANGUAGE': 'us', 'SSH_AUTH_SOCK': '/run/user/1000/gcr/ssh', 'DOTNET_CLI_TELEMETRY_OPTOUT': '1', 'CSF_MIGRATION_TYPES': '/usr/share/opencascade/resources/StdResource/MigrationSheet.txt', 'GRADLE_HOME': '/usr/share/java/gradle', 'SHELL_SESSION_ID': 'd0a93d091cc04ee8b146de5986e08beb', 'MEMORY_PRESSURE_WRITE': 'c29tZSAyMDAwMDAgMjAwMDAwMAA=', 'DESKTOP_SESSION': 'plasma', 'CSF_OCCTResourcePath': '/usr/share/opencascade/resources', 'CSF_STEPDefaults': '/usr/share/opencascade/resources/XSTEPResource', 'EDITOR': 'neovim', 'XDG_SEAT': 'seat0', 'PWD': '/home/ionut/UNI/Year_3/AI_Python/Project/Homework_wr/build/turtlesim_cleaner', 'LOGNAME': 'ionut', 'XDG_SESSION_DESKTOP': 'KDE', 'QT_QPA_PLATFORMTHEME': 'qt5ct', 'XDG_SESSION_TYPE': 'wayland', 'DRAWHOME': '/usr/share/opencascade/resources/DrawResources', 'ROS_DOMAIN_ID': '42', 'SYSTEMD_EXEC_PID': '836', 'PATH_TO_FX': '/home/ionut/Downloads/javafx-sdk-21.0.1/lib', 'XAUTHORITY': '/run/user/1000/xauth_kRrgne', 'CSF_StandardLiteDefaults': '/usr/share/opencascade/resources/StdResource', 'MOTD_SHOWN': 'pam', 'XKB_DEFAULT_MODEL': 'pc105+inet', 'HOME': '/home/ionut', 'LANG': 'en_US.UTF-8', 'XDG_CURRENT_DESKTOP': 'KDE', 'KONSOLE_DBUS_SERVICE': ':1.68', 'MEMORY_PRESSURE_WATCH': '/sys/fs/cgroup/user.slice/user-1000.slice/user@1000.service/session.slice/plasma-kwin_wayland.service/memory.pressure', 'STARSHIP_SHELL': 'bash', 'WAYLAND_DISPLAY': 'wayland-0', 'KONSOLE_DBUS_SESSION': '/Sessions/2', 'PROFILEHOME': '/home/ionut', 'AMENT_PREFIX_PATH': '/home/ionut/UNI/Year_3/AI_Python/Project/Homework_wr/install/turtlesim_cleaner:/home/ionut/UNI/Year_3/AI_Python/Project/Homework_wr/src/turtlesim_cleaner/install/turtlesim_cleaner:/opt/ros/humble', 'CMAKE_PREFIX_PATH': '/opt/ros/humble', 'XDG_SEAT_PATH': '/org/freedesktop/DisplayManager/Seat0', 'COLCON_PREFIX_PATH': '/opt/ros/humble:/home/ionut/UNI/Year_3/AI_Python/Project/Homework_wr/install:/home/ionut/UNI/Year_3/AI_Python/Project/Homework_wr/src/turtlesim_cleaner/install', 'INVOCATION_ID': '4d20ba2cbebc4f2eba4e73a253980f67', 'NNN_COLORS': '3f', 'KONSOLE_VERSION': '240202', 'MANAGERPID': '653', 'NNN_EDITOR': 'neovim', 'lC_CTYPE': 'en_US.UFT-8', 'CSF_ShadersDirectory': '/usr/share/opencascade/resources/Shaders', 'CSF_EXCEPTION_PROMPT': '1', 'CSF_XmlOcafResource': '/usr/share/opencascade/resources/XmlOcafResource', 'STARSHIP_SESSION_KEY': '2041014076280531', 'KDE_SESSION_UID': '1000', 'XKB_DEFAULT_LAYOUT': 'us', 'CSF_SHMessage': '/usr/share/opencascade/resources/SHMessage', 'XDG_ACTIVATION_TOKEN': 'kwin-1', 'XDG_SESSION_CLASS': 'user', 'PYTHONPATH': '/home/ionut/UNI/Year_3/AI_Python/Project/Homework_wr/build/turtlesim_cleaner/prefix_override:/home/ionut/UNI/Year_3/AI_Python/Project/Homework_wr/install/turtlesim_cleaner/lib/python3.11/site-packages:/home/ionut/UNI/Year_3/AI_Python/Project/Homework_wr/build/turtlesim_cleaner:/home/ionut/UNI/Year_3/AI_Python/Project/Homework_wr/install/turtlesim_cleaner/lib/python3.11/site-packages:/home/ionut/UNI/Year_3/AI_Python/Project/Homework_wr/src/turtlesim_cleaner/install/turtlesim_cleaner/lib/python3.11/site-packages:/home/ionut/.cache/yay/ros2-humble/src/install/lib/python3.11/dist-packages:/opt/ros/humble/lib/python3.11/site-packages', 'COLCON': '1', 'TERM': 'xterm-256color', 'NNN_FCOLORS': '0008dc1b0006450009090B05', 'USER': 'ionut', 'COLORFGBG': '15;0', 'LATEX_MK_DIR': '/usr/share/latex-mk', 'CSF_StandardDefaults': '/usr/share/opencascade/resources/StdResource', 'QT_WAYLAND_RECONNECT': '1', 'KDE_SESSION_VERSION': '6', 'PAM_KWALLET5_LOGIN': '/run/user/1000/kwallet5.socket', 'CSF_IGESDefaults': '/usr/share/opencascade/resources/XSTEPResource', 'VISUAL': 'nvim', 'DISPLAY': ':1', 'CSF_XCAFDefaults': '/usr/share/opencascade/resources/StdResource', 'SHLVL': '1', 'XDG_VTNR': '1', 'CSF_PluginDefaults': '/usr/share/opencascade/resources/StdResource', 'CSF_TObjMessage': '/usr/share/opencascade/resources/TObj', 'XDG_SESSION_ID': '2', 'CASROOT': '/usr', 'LD_LIBRARY_PATH': '/opt/ros/humble/opt/rviz_ogre_vendor/lib:/opt/ros/humble/lib::/usr/lib:/usr/lib', 'XDG_RUNTIME_DIR': '/run/user/1000', 'ROS_LOCALHOST_ONLY': '0', 'lC_ALL': 'en_US.UFT-8', 'DEBUGINFOD_URLS': 'https://debuginfod.archlinux.org', 'LC_TIME': 'ro_RO.UTF-8', 'NNN_OPENER': 'nuke', 'LC_ALL': 'en_US.UTF-8', 'QT_AUTO_SCREEN_SCALE_FACTOR': '0', 'JOURNAL_STREAM': '8:9815', 'CSF_XSMessage': '/usr/share/opencascade/resources/XSMessage', 'MMGT_CLEAR': '1', 'KDE_FULL_SESSION': 'true', 'PATH': '/home/ionut/.cargo/bin:/opt/ros/humble/bin:/usr/local/sbin:/usr/local/bin:/usr/bin:/usr/lib/jvm/default/bin:/usr/bin/site_perl:/usr/bin/vendor_perl:/usr/bin/core_perl:/home/ionut/.spicetify:/home/ionut/.spicetify:/home/ionut/.spicetify', 'CSF_TObjDefaults': '/usr/share/opencascade/resources/StdResource', 'DBUS_SESSION_BUS_ADDRESS': 'unix:path=/run/user/1000/bus', 'KDE_APPLICATIONS_AS_SCOPE': '1', 'MAIL': '/var/spool/mail/ionut', 'DRAWDEFAULT': '/usr/share/opencascade/resources/DrawResources/DrawDefault', 'ROS_DISTRO': 'humble', 'XKB_DEFAULT_OPTIONS': 'terminate:ctrl_alt_bksp', 'KONSOLE_DBUS_WINDOW': '/Windows/1', '_': '/usr/bin/env'}, 'shell': False}
[1.704263] (-) TimerEvent: {}
[1.804546] (-) TimerEvent: {}
[1.904846] (-) TimerEvent: {}
[1.945685] (turtlesim_cleaner) StdoutLine: {'line': b'running egg_info\n'}
[1.965598] (turtlesim_cleaner) StdoutLine: {'line': b'writing ../../build/turtlesim_cleaner/turtlesim_cleaner.egg-info/PKG-INFO\n'}
[1.966192] (turtlesim_cleaner) StdoutLine: {'line': b'writing dependency_links to ../../build/turtlesim_cleaner/turtlesim_cleaner.egg-info/dependency_links.txt\n'}
[1.966409] (turtlesim_cleaner) StdoutLine: {'line': b'writing entry points to ../../build/turtlesim_cleaner/turtlesim_cleaner.egg-info/entry_points.txt\n'}
[1.966615] (turtlesim_cleaner) StdoutLine: {'line': b'writing requirements to ../../build/turtlesim_cleaner/turtlesim_cleaner.egg-info/requires.txt\n'}
[1.966738] (turtlesim_cleaner) StdoutLine: {'line': b'writing top-level names to ../../build/turtlesim_cleaner/turtlesim_cleaner.egg-info/top_level.txt\n'}
[2.004942] (-) TimerEvent: {}
[2.007810] (turtlesim_cleaner) StdoutLine: {'line': b"reading manifest file '../../build/turtlesim_cleaner/turtlesim_cleaner.egg-info/SOURCES.txt'\n"}
[2.008858] (turtlesim_cleaner) StdoutLine: {'line': b"writing manifest file '../../build/turtlesim_cleaner/turtlesim_cleaner.egg-info/SOURCES.txt'\n"}
[2.009042] (turtlesim_cleaner) StdoutLine: {'line': b'running build\n'}
[2.009161] (turtlesim_cleaner) StdoutLine: {'line': b'running build_py\n'}
[2.009353] (turtlesim_cleaner) StdoutLine: {'line': b'copying turtlesim_cleaner/Move.py -> /home/ionut/UNI/Year_3/AI_Python/Project/Homework_wr/build/turtlesim_cleaner/build/lib/turtlesim_cleaner\n'}
[2.009577] (turtlesim_cleaner) StdoutLine: {'line': b'copying turtlesim_cleaner/__init__.py -> /home/ionut/UNI/Year_3/AI_Python/Project/Homework_wr/build/turtlesim_cleaner/build/lib/turtlesim_cleaner\n'}
[2.009738] (turtlesim_cleaner) StdoutLine: {'line': b'copying turtlesim_cleaner/Move_node.py -> /home/ionut/UNI/Year_3/AI_Python/Project/Homework_wr/build/turtlesim_cleaner/build/lib/turtlesim_cleaner\n'}
[2.010045] (turtlesim_cleaner) StdoutLine: {'line': b'running install\n'}
[2.017354] (turtlesim_cleaner) StdoutLine: {'line': b'running install_lib\n'}
[2.037990] (turtlesim_cleaner) StdoutLine: {'line': b'creating /home/ionut/UNI/Year_3/AI_Python/Project/Homework_wr/install/turtlesim_cleaner/lib/python3.11/site-packages/turtlesim_cleaner\n'}
[2.038187] (turtlesim_cleaner) StdoutLine: {'line': b'copying /home/ionut/UNI/Year_3/AI_Python/Project/Homework_wr/build/turtlesim_cleaner/build/lib/turtlesim_cleaner/Move.py -> /home/ionut/UNI/Year_3/AI_Python/Project/Homework_wr/install/turtlesim_cleaner/lib/python3.11/site-packages/turtlesim_cleaner\n'}
[2.038293] (turtlesim_cleaner) StdoutLine: {'line': b'copying /home/ionut/UNI/Year_3/AI_Python/Project/Homework_wr/build/turtlesim_cleaner/build/lib/turtlesim_cleaner/__init__.py -> /home/ionut/UNI/Year_3/AI_Python/Project/Homework_wr/install/turtlesim_cleaner/lib/python3.11/site-packages/turtlesim_cleaner\n'}
[2.038399] (turtlesim_cleaner) StdoutLine: {'line': b'copying /home/ionut/UNI/Year_3/AI_Python/Project/Homework_wr/build/turtlesim_cleaner/build/lib/turtlesim_cleaner/Move_node.py -> /home/ionut/UNI/Year_3/AI_Python/Project/Homework_wr/install/turtlesim_cleaner/lib/python3.11/site-packages/turtlesim_cleaner\n'}
[2.039070] (turtlesim_cleaner) StdoutLine: {'line': b'byte-compiling /home/ionut/UNI/Year_3/AI_Python/Project/Homework_wr/install/turtlesim_cleaner/lib/python3.11/site-packages/turtlesim_cleaner/Move.py to Move.cpython-311.pyc\n'}
[2.039771] (turtlesim_cleaner) StdoutLine: {'line': b'byte-compiling /home/ionut/UNI/Year_3/AI_Python/Project/Homework_wr/install/turtlesim_cleaner/lib/python3.11/site-packages/turtlesim_cleaner/__init__.py to __init__.cpython-311.pyc\n'}
[2.039978] (turtlesim_cleaner) StdoutLine: {'line': b'byte-compiling /home/ionut/UNI/Year_3/AI_Python/Project/Homework_wr/install/turtlesim_cleaner/lib/python3.11/site-packages/turtlesim_cleaner/Move_node.py to Move_node.cpython-311.pyc\n'}
[2.040646] (turtlesim_cleaner) StdoutLine: {'line': b'running install_data\n'}
[2.040818] (turtlesim_cleaner) StdoutLine: {'line': b'copying resource/turtlesim_cleaner -> /home/ionut/UNI/Year_3/AI_Python/Project/Homework_wr/install/turtlesim_cleaner/share/ament_index/resource_index/packages\n'}
[2.041023] (turtlesim_cleaner) StdoutLine: {'line': b'copying package.xml -> /home/ionut/UNI/Year_3/AI_Python/Project/Homework_wr/install/turtlesim_cleaner/share/turtlesim_cleaner\n'}
[2.041213] (turtlesim_cleaner) StdoutLine: {'line': b'running install_egg_info\n'}
[2.062772] (turtlesim_cleaner) StdoutLine: {'line': b'Copying ../../build/turtlesim_cleaner/turtlesim_cleaner.egg-info to /home/ionut/UNI/Year_3/AI_Python/Project/Homework_wr/install/turtlesim_cleaner/lib/python3.11/site-packages/turtlesim_cleaner-0.0.0-py3.11.egg-info\n'}
[2.064740] (turtlesim_cleaner) StdoutLine: {'line': b'running install_scripts\n'}
[2.105052] (-) TimerEvent: {}
[2.205357] (-) TimerEvent: {}
[2.211191] (turtlesim_cleaner) StdoutLine: {'line': b'Installing test_node script to /home/ionut/UNI/Year_3/AI_Python/Project/Homework_wr/install/turtlesim_cleaner/lib/turtlesim_cleaner\n'}
[2.211631] (turtlesim_cleaner) StdoutLine: {'line': b"writing list of installed files to '/home/ionut/UNI/Year_3/AI_Python/Project/Homework_wr/build/turtlesim_cleaner/install.log'\n"}
[2.257275] (turtlesim_cleaner) CommandEnded: {'returncode': 0}
[2.267808] (turtlesim_cleaner) JobEnded: {'identifier': 'turtlesim_cleaner', 'rc': 0}
[2.268564] (-) EventReactorShutdown: {}
