[0.000000] (-) TimerEvent: {}
[0.000465] (turtlesim_cleaner) JobQueued: {'identifier': 'turtlesim_cleaner', 'dependencies': OrderedDict()}
[0.000798] (turtlesim_cleaner) JobStarted: {'identifier': 'turtlesim_cleaner'}
[0.099828] (-) TimerEvent: {}
[0.200122] (-) TimerEvent: {}
[0.300425] (-) TimerEvent: {}
[0.400801] (-) TimerEvent: {}
[0.501082] (-) TimerEvent: {}
[0.601367] (-) TimerEvent: {}
[0.701933] (-) TimerEvent: {}
[0.802180] (-) TimerEvent: {}
[0.902457] (-) TimerEvent: {}
[1.002836] (-) TimerEvent: {}
[1.092873] (turtlesim_cleaner) Command: {'cmd': ['/usr/bin/python', '-W', 'ignore:setup.py install is deprecated', 'setup.py', 'egg_info', '--egg-base', '../build/turtlesim_cleaner', 'build', '--build-base', '/home/ionut/UNI/Year_3/AI_Python/Project/Homework_wr/src/build/turtlesim_cleaner/build', 'install', '--record', '/home/ionut/UNI/Year_3/AI_Python/Project/Homework_wr/src/build/turtlesim_cleaner/install.log', '--single-version-externally-managed', 'install_data'], 'cwd': '/home/ionut/UNI/Year_3/AI_Python/Project/Homework_wr/src/turtlesim_cleaner', 'env': {'SHELL': '/bin/bash', 'ROS_VERSION': '2', 'WINDOWID': '3', 'COLORTERM': 'truecolor', 'CSF_MDTVTexturesDirectory': '/usr/share/opencascade/resources/Textures', 'XDG_CONFIG_DIRS': '/home/ionut/.config/kdedefaults:/etc/xdg', 'KGLOBALACCELD_PLATFORM': 'org.kde.kwin', 'XDG_SESSION_PATH': '/org/freedesktop/DisplayManager/Session1', 'XDG_MENU_PREFIX': 'plasma-', 'CSF_DrawPluginDefaults': '/usr/share/opencascade/resources/DrawResources', 'PKG_CONFIG_PATH': '/opt/ros/humble/lib/pkgconfig', 'ROS_PYTHON_VERSION': '3', 'LANGUAGE': 'en_US.UTF-8', 'JAVA_HOME': 'usr/lib/jvm/java-21-jdk', 'CSF_LANGUAGE': 'us', 'SSH_AUTH_SOCK': '/run/user/1000/gcr/ssh', 'DOTNET_CLI_TELEMETRY_OPTOUT': '1', 'CSF_MIGRATION_TYPES': '/usr/share/opencascade/resources/StdResource/MigrationSheet.txt', 'GRADLE_HOME': '/usr/share/java/gradle', 'SHELL_SESSION_ID': '4bcb403cbaa941cf9632b4d6f024ed8a', 'MEMORY_PRESSURE_WRITE': 'c29tZSAyMDAwMDAgMjAwMDAwMAA=', 'DESKTOP_SESSION': 'plasma', 'CSF_OCCTResourcePath': '/usr/share/opencascade/resources', 'CSF_STEPDefaults': '/usr/share/opencascade/resources/XSTEPResource', 'EDITOR': 'neovim', 'XDG_SEAT': 'seat0', 'PWD': '/home/ionut/UNI/Year_3/AI_Python/Project/Homework_wr/src/build/turtlesim_cleaner', 'LOGNAME': 'ionut', 'XDG_SESSION_DESKTOP': 'KDE', 'QT_QPA_PLATFORMTHEME': 'qt5ct', 'XDG_SESSION_TYPE': 'wayland', 'DRAWHOME': '/usr/share/opencascade/resources/DrawResources', 'ROS_DOMAIN_ID': '42', 'SYSTEMD_EXEC_PID': '838', 'PATH_TO_FX': '/home/ionut/Downloads/javafx-sdk-21.0.1/lib', 'XAUTHORITY': '/run/user/1000/xauth_AsWjqp', 'CSF_StandardLiteDefaults': '/usr/share/opencascade/resources/StdResource', 'MOTD_SHOWN': 'pam', 'XKB_DEFAULT_MODEL': 'pc105+inet', 'HOME': '/home/ionut', 'LANG': 'en_US.UTF-8', 'XDG_CURRENT_DESKTOP': 'KDE', 'KONSOLE_DBUS_SERVICE': ':1.69', 'MEMORY_PRESSURE_WATCH': '/sys/fs/cgroup/user.slice/user-1000.slice/user@1000.service/session.slice/plasma-kwin_wayland.service/memory.pressure', 'STARSHIP_SHELL': 'bash', 'WAYLAND_DISPLAY': 'wayland-0', 'KONSOLE_DBUS_SESSION': '/Sessions/1', 'PROFILEHOME': '/home/ionut', 'AMENT_PREFIX_PATH': '/opt/ros/humble', 'CMAKE_PREFIX_PATH': '/opt/ros/humble', 'XDG_SEAT_PATH': '/org/freedesktop/DisplayManager/Seat0', 'COLCON_PREFIX_PATH': '/opt/ros/humble', 'INVOCATION_ID': 'b2b527e721fb421383e45d90d2f22eb2', 'NNN_COLORS': '3f', 'KONSOLE_VERSION': '240202', 'MANAGERPID': '655', 'NNN_EDITOR': 'neovim', 'lC_CTYPE': 'en_US.UFT-8', 'CSF_ShadersDirectory': '/usr/share/opencascade/resources/Shaders', 'CSF_EXCEPTION_PROMPT': '1', 'CSF_XmlOcafResource': '/usr/share/opencascade/resources/XmlOcafResource', 'STARSHIP_SESSION_KEY': '1066126728165911', 'KDE_SESSION_UID': '1000', 'XKB_DEFAULT_LAYOUT': 'us', 'CSF_SHMessage': '/usr/share/opencascade/resources/SHMessage', 'XDG_ACTIVATION_TOKEN': 'kwin-2', 'XDG_SESSION_CLASS': 'user', 'PYTHONPATH': '/home/ionut/UNI/Year_3/AI_Python/Project/Homework_wr/src/build/turtlesim_cleaner/prefix_override:/home/ionut/UNI/Year_3/AI_Python/Project/Homework_wr/src/install/turtlesim_cleaner/lib/python3.11/site-packages:/home/ionut/.cache/yay/ros2-humble/src/install/lib/python3.11/dist-packages:/opt/ros/humble/lib/python3.11/site-packages', 'COLCON': '1', 'TERM': 'xterm-256color', 'NNN_FCOLORS': '0008dc1b0006450009090B05', 'USER': 'ionut', 'COLORFGBG': '15;0', 'LATEX_MK_DIR': '/usr/share/latex-mk', 'CSF_StandardDefaults': '/usr/share/opencascade/resources/StdResource', 'QT_WAYLAND_RECONNECT': '1', 'KDE_SESSION_VERSION': '6', 'PAM_KWALLET5_LOGIN': '/run/user/1000/kwallet5.socket', 'CSF_IGESDefaults': '/usr/share/opencascade/resources/XSTEPResource', 'VISUAL': 'nvim', 'DISPLAY': ':1', 'CSF_XCAFDefaults': '/usr/share/opencascade/resources/StdResource', 'SHLVL': '1', 'XDG_VTNR': '1', 'CSF_PluginDefaults': '/usr/share/opencascade/resources/StdResource', 'CSF_TObjMessage': '/usr/share/opencascade/resources/TObj', 'XDG_SESSION_ID': '2', 'CASROOT': '/usr', 'LD_LIBRARY_PATH': '/opt/ros/humble/opt/rviz_ogre_vendor/lib:/opt/ros/humble/lib::/usr/lib', 'XDG_RUNTIME_DIR': '/run/user/1000', 'ROS_LOCALHOST_ONLY': '0', 'lC_ALL': 'en_US.UFT-8', 'DEBUGINFOD_URLS': 'https://debuginfod.archlinux.org', 'LC_TIME': 'ro_RO.UTF-8', 'NNN_OPENER': 'nuke', 'LC_ALL': 'en_US.UTF-8', 'QT_AUTO_SCREEN_SCALE_FACTOR': '0', 'JOURNAL_STREAM': '8:1771', 'CSF_XSMessage': '/usr/share/opencascade/resources/XSMessage', 'MMGT_CLEAR': '1', 'KDE_FULL_SESSION': 'true', 'PATH': '/home/ionut/.cargo/bin:/opt/ros/humble/bin:/usr/local/sbin:/usr/local/bin:/usr/bin:/usr/lib/jvm/default/bin:/usr/bin/site_perl:/usr/bin/vendor_perl:/usr/bin/core_perl:/home/ionut/.spicetify:/home/ionut/.spicetify', 'CSF_TObjDefaults': '/usr/share/opencascade/resources/StdResource', 'DBUS_SESSION_BUS_ADDRESS': 'unix:path=/run/user/1000/bus', 'KDE_APPLICATIONS_AS_SCOPE': '1', 'MAIL': '/var/spool/mail/ionut', 'DRAWDEFAULT': '/usr/share/opencascade/resources/DrawResources/DrawDefault', 'ROS_DISTRO': 'humble', 'XKB_DEFAULT_OPTIONS': 'terminate:ctrl_alt_bksp', 'OLDPWD': '/home/ionut', 'KONSOLE_DBUS_WINDOW': '/Windows/1', '_': '/usr/bin/env'}, 'shell': False}
[1.102914] (-) TimerEvent: {}
[1.203146] (-) TimerEvent: {}
[1.303406] (-) TimerEvent: {}
[1.370497] (turtlesim_cleaner) StdoutLine: {'line': b'running egg_info\n'}
[1.388568] (turtlesim_cleaner) StdoutLine: {'line': b'writing ../build/turtlesim_cleaner/turtlesim_cleaner.egg-info/PKG-INFO\n'}
[1.389240] (turtlesim_cleaner) StdoutLine: {'line': b'writing dependency_links to ../build/turtlesim_cleaner/turtlesim_cleaner.egg-info/dependency_links.txt\n'}
[1.389627] (turtlesim_cleaner) StdoutLine: {'line': b'writing entry points to ../build/turtlesim_cleaner/turtlesim_cleaner.egg-info/entry_points.txt\n'}
[1.389873] (turtlesim_cleaner) StdoutLine: {'line': b'writing requirements to ../build/turtlesim_cleaner/turtlesim_cleaner.egg-info/requires.txt\n'}
[1.390028] (turtlesim_cleaner) StdoutLine: {'line': b'writing top-level names to ../build/turtlesim_cleaner/turtlesim_cleaner.egg-info/top_level.txt\n'}
[1.403518] (-) TimerEvent: {}
[1.427865] (turtlesim_cleaner) StdoutLine: {'line': b"reading manifest file '../build/turtlesim_cleaner/turtlesim_cleaner.egg-info/SOURCES.txt'\n"}
[1.430145] (turtlesim_cleaner) StdoutLine: {'line': b"writing manifest file '../build/turtlesim_cleaner/turtlesim_cleaner.egg-info/SOURCES.txt'\n"}
[1.430298] (turtlesim_cleaner) StdoutLine: {'line': b'running build\n'}
[1.430402] (turtlesim_cleaner) StdoutLine: {'line': b'running build_py\n'}
[1.430572] (turtlesim_cleaner) StdoutLine: {'line': b'copying turtlesim_cleaner/Move.py -> /home/ionut/UNI/Year_3/AI_Python/Project/Homework_wr/src/build/turtlesim_cleaner/build/lib/turtlesim_cleaner\n'}
[1.431155] (turtlesim_cleaner) StdoutLine: {'line': b'copying turtlesim_cleaner/__init__.py -> /home/ionut/UNI/Year_3/AI_Python/Project/Homework_wr/src/build/turtlesim_cleaner/build/lib/turtlesim_cleaner\n'}
[1.431319] (turtlesim_cleaner) StdoutLine: {'line': b'copying turtlesim_cleaner/Move_node.py -> /home/ionut/UNI/Year_3/AI_Python/Project/Homework_wr/src/build/turtlesim_cleaner/build/lib/turtlesim_cleaner\n'}
[1.431653] (turtlesim_cleaner) StdoutLine: {'line': b'running install\n'}
[1.437780] (turtlesim_cleaner) StdoutLine: {'line': b'running install_lib\n'}
[1.456259] (turtlesim_cleaner) StdoutLine: {'line': b'copying /home/ionut/UNI/Year_3/AI_Python/Project/Homework_wr/src/build/turtlesim_cleaner/build/lib/turtlesim_cleaner/Move_node.py -> /home/ionut/UNI/Year_3/AI_Python/Project/Homework_wr/src/install/turtlesim_cleaner/lib/python3.11/site-packages/turtlesim_cleaner\n'}
[1.456900] (turtlesim_cleaner) StdoutLine: {'line': b'byte-compiling /home/ionut/UNI/Year_3/AI_Python/Project/Homework_wr/src/install/turtlesim_cleaner/lib/python3.11/site-packages/turtlesim_cleaner/Move_node.py to Move_node.cpython-311.pyc\n'}
[1.457697] (turtlesim_cleaner) StdoutLine: {'line': b'running install_data\n'}
[1.457915] (turtlesim_cleaner) StdoutLine: {'line': b'copying resource/turtlesim_cleaner -> /home/ionut/UNI/Year_3/AI_Python/Project/Homework_wr/src/install/turtlesim_cleaner/share/ament_index/resource_index/packages\n'}
[1.458121] (turtlesim_cleaner) StdoutLine: {'line': b'copying package.xml -> /home/ionut/UNI/Year_3/AI_Python/Project/Homework_wr/src/install/turtlesim_cleaner/share/turtlesim_cleaner\n'}
[1.458321] (turtlesim_cleaner) StdoutLine: {'line': b'running install_egg_info\n'}
[1.478044] (turtlesim_cleaner) StdoutLine: {'line': b"removing '/home/ionut/UNI/Year_3/AI_Python/Project/Homework_wr/src/install/turtlesim_cleaner/lib/python3.11/site-packages/turtlesim_cleaner-0.0.0-py3.11.egg-info' (and everything under it)\n"}
[1.478415] (turtlesim_cleaner) StdoutLine: {'line': b'Copying ../build/turtlesim_cleaner/turtlesim_cleaner.egg-info to /home/ionut/UNI/Year_3/AI_Python/Project/Homework_wr/src/install/turtlesim_cleaner/lib/python3.11/site-packages/turtlesim_cleaner-0.0.0-py3.11.egg-info\n'}
[1.483683] (turtlesim_cleaner) StdoutLine: {'line': b'running install_scripts\n'}
[1.503610] (-) TimerEvent: {}
[1.603891] (-) TimerEvent: {}
[1.619086] (turtlesim_cleaner) StdoutLine: {'line': b'Installing test_node script to /home/ionut/UNI/Year_3/AI_Python/Project/Homework_wr/src/install/turtlesim_cleaner/lib/turtlesim_cleaner\n'}
[1.619491] (turtlesim_cleaner) StdoutLine: {'line': b"writing list of installed files to '/home/ionut/UNI/Year_3/AI_Python/Project/Homework_wr/src/build/turtlesim_cleaner/install.log'\n"}
[1.661102] (turtlesim_cleaner) CommandEnded: {'returncode': 0}
[1.683604] (turtlesim_cleaner) JobEnded: {'identifier': 'turtlesim_cleaner', 'rc': 0}
[1.684388] (-) EventReactorShutdown: {}
