[1.064s] Invoking command in '/home/ionut/UNI/Year_3/AI_Python/Project/Homework_wr/src/turtlesim_cleaner': DEBUGINFOD_URLS=https://debuginfod.archlinux.org PYTHONPATH=/home/ionut/UNI/Year_3/AI_Python/Project/Homework_wr/build/turtlesim_cleaner/prefix_override:/home/ionut/UNI/Year_3/AI_Python/Project/Homework_wr/install/turtlesim_cleaner/lib/python3.11/site-packages:${PYTHONPATH} _=/usr/bin/env /usr/bin/python -W ignore:setup.py install is deprecated setup.py egg_info --egg-base ../../build/turtlesim_cleaner build --build-base /home/ionut/UNI/Year_3/AI_Python/Project/Homework_wr/build/turtlesim_cleaner/build install --record /home/ionut/UNI/Year_3/AI_Python/Project/Homework_wr/build/turtlesim_cleaner/install.log --single-version-externally-managed install_data
[1.420s] running egg_info
[1.441s] writing ../../build/turtlesim_cleaner/turtlesim_cleaner.egg-info/PKG-INFO
[1.442s] writing dependency_links to ../../build/turtlesim_cleaner/turtlesim_cleaner.egg-info/dependency_links.txt
[1.442s] writing entry points to ../../build/turtlesim_cleaner/turtlesim_cleaner.egg-info/entry_points.txt
[1.442s] writing requirements to ../../build/turtlesim_cleaner/turtlesim_cleaner.egg-info/requires.txt
[1.442s] writing top-level names to ../../build/turtlesim_cleaner/turtlesim_cleaner.egg-info/top_level.txt
[1.484s] reading manifest file '../../build/turtlesim_cleaner/turtlesim_cleaner.egg-info/SOURCES.txt'
[1.485s] writing manifest file '../../build/turtlesim_cleaner/turtlesim_cleaner.egg-info/SOURCES.txt'
[1.485s] running build
[1.485s] running build_py
[1.485s] copying turtlesim_cleaner/Move.py -> /home/ionut/UNI/Year_3/AI_Python/Project/Homework_wr/build/turtlesim_cleaner/build/lib/turtlesim_cleaner
[1.485s] copying turtlesim_cleaner/__init__.py -> /home/ionut/UNI/Year_3/AI_Python/Project/Homework_wr/build/turtlesim_cleaner/build/lib/turtlesim_cleaner
[1.486s] copying turtlesim_cleaner/DrawSH.py -> /home/ionut/UNI/Year_3/AI_Python/Project/Homework_wr/build/turtlesim_cleaner/build/lib/turtlesim_cleaner
[1.486s] copying turtlesim_cleaner/Move_node.py -> /home/ionut/UNI/Year_3/AI_Python/Project/Homework_wr/build/turtlesim_cleaner/build/lib/turtlesim_cleaner
[1.487s] running install
[1.494s] running install_lib
[1.517s] copying /home/ionut/UNI/Year_3/AI_Python/Project/Homework_wr/build/turtlesim_cleaner/build/lib/turtlesim_cleaner/DrawSH.py -> /home/ionut/UNI/Year_3/AI_Python/Project/Homework_wr/install/turtlesim_cleaner/lib/python3.11/site-packages/turtlesim_cleaner
[1.518s] byte-compiling /home/ionut/UNI/Year_3/AI_Python/Project/Homework_wr/install/turtlesim_cleaner/lib/python3.11/site-packages/turtlesim_cleaner/DrawSH.py to DrawSH.cpython-311.pyc
[1.519s] running install_data
[1.519s] copying resource/turtlesim_cleaner -> /home/ionut/UNI/Year_3/AI_Python/Project/Homework_wr/install/turtlesim_cleaner/share/ament_index/resource_index/packages
[1.520s] copying package.xml -> /home/ionut/UNI/Year_3/AI_Python/Project/Homework_wr/install/turtlesim_cleaner/share/turtlesim_cleaner
[1.520s] running install_egg_info
[1.544s] removing '/home/ionut/UNI/Year_3/AI_Python/Project/Homework_wr/install/turtlesim_cleaner/lib/python3.11/site-packages/turtlesim_cleaner-0.0.0-py3.11.egg-info' (and everything under it)
[1.544s] Copying ../../build/turtlesim_cleaner/turtlesim_cleaner.egg-info to /home/ionut/UNI/Year_3/AI_Python/Project/Homework_wr/install/turtlesim_cleaner/lib/python3.11/site-packages/turtlesim_cleaner-0.0.0-py3.11.egg-info
[1.545s] running install_scripts
[1.692s] Installing test_node script to /home/ionut/UNI/Year_3/AI_Python/Project/Homework_wr/install/turtlesim_cleaner/lib/turtlesim_cleaner
[1.693s] writing list of installed files to '/home/ionut/UNI/Year_3/AI_Python/Project/Homework_wr/build/turtlesim_cleaner/install.log'
[1.743s] Invoked command in '/home/ionut/UNI/Year_3/AI_Python/Project/Homework_wr/src/turtlesim_cleaner' returned '0': DEBUGINFOD_URLS=https://debuginfod.archlinux.org PYTHONPATH=/home/ionut/UNI/Year_3/AI_Python/Project/Homework_wr/build/turtlesim_cleaner/prefix_override:/home/ionut/UNI/Year_3/AI_Python/Project/Homework_wr/install/turtlesim_cleaner/lib/python3.11/site-packages:${PYTHONPATH} _=/usr/bin/env /usr/bin/python -W ignore:setup.py install is deprecated setup.py egg_info --egg-base ../../build/turtlesim_cleaner build --build-base /home/ionut/UNI/Year_3/AI_Python/Project/Homework_wr/build/turtlesim_cleaner/build install --record /home/ionut/UNI/Year_3/AI_Python/Project/Homework_wr/build/turtlesim_cleaner/install.log --single-version-externally-managed install_data
