[1.158s] Invoking command in '/home/ionut/UNI/Year_3/AI_Python/Project/Homework_wr/build/turtlesim_cleaner': DEBUGINFOD_URLS=https://debuginfod.archlinux.org PYTHONPATH=/home/ionut/UNI/Year_3/AI_Python/Project/Homework_wr/build/turtlesim_cleaner/prefix_override:/home/ionut/UNI/Year_3/AI_Python/Project/Homework_wr/install/turtlesim_cleaner/lib/python3.11/site-packages:${PYTHONPATH} _=/usr/bin/env /usr/bin/python -W ignore:setup.py install is deprecated setup.py develop --editable --build-directory /home/ionut/UNI/Year_3/AI_Python/Project/Homework_wr/build/turtlesim_cleaner/build --no-deps symlink_data --force
[1.528s] running develop
[1.529s] /usr/lib/python3.11/site-packages/setuptools/command/develop.py:39: EasyInstallDeprecationWarning: easy_install command is deprecated.
[1.529s] !!
[1.529s] 
[1.529s]         ********************************************************************************
[1.529s]         Please avoid running ``setup.py`` and ``easy_install``.
[1.529s]         Instead, use pypa/build, pypa/installer or other
[1.530s]         standards-based tools.
[1.530s] 
[1.530s]         See https://github.com/pypa/setuptools/issues/917 for details.
[1.530s]         ********************************************************************************
[1.530s] 
[1.530s] !!
[1.530s]   easy_install.initialize_options(self)
[1.764s] running egg_info
[1.783s] writing turtlesim_cleaner.egg-info/PKG-INFO
[1.784s] writing dependency_links to turtlesim_cleaner.egg-info/dependency_links.txt
[1.784s] writing entry points to turtlesim_cleaner.egg-info/entry_points.txt
[1.784s] writing requirements to turtlesim_cleaner.egg-info/requires.txt
[1.784s] writing top-level names to turtlesim_cleaner.egg-info/top_level.txt
[1.825s] reading manifest file 'turtlesim_cleaner.egg-info/SOURCES.txt'
[1.827s] writing manifest file 'turtlesim_cleaner.egg-info/SOURCES.txt'
[1.847s] running build_ext
[1.849s] Creating /home/ionut/UNI/Year_3/AI_Python/Project/Homework_wr/install/turtlesim_cleaner/lib/python3.11/site-packages/turtlesim_cleaner.egg-link (link to .)
[1.850s] Installing test_node script to /home/ionut/UNI/Year_3/AI_Python/Project/Homework_wr/install/turtlesim_cleaner/lib/turtlesim_cleaner
[1.850s] 
[1.850s] Installed /home/ionut/UNI/Year_3/AI_Python/Project/Homework_wr/build/turtlesim_cleaner
[1.850s] running symlink_data
[1.850s] symbolically linking /home/ionut/UNI/Year_3/AI_Python/Project/Homework_wr/build/turtlesim_cleaner/resource/turtlesim_cleaner -> /home/ionut/UNI/Year_3/AI_Python/Project/Homework_wr/install/turtlesim_cleaner/share/ament_index/resource_index/packages
[1.851s] symbolically linking /home/ionut/UNI/Year_3/AI_Python/Project/Homework_wr/build/turtlesim_cleaner/package.xml -> /home/ionut/UNI/Year_3/AI_Python/Project/Homework_wr/install/turtlesim_cleaner/share/turtlesim_cleaner
[1.923s] Invoked command in '/home/ionut/UNI/Year_3/AI_Python/Project/Homework_wr/build/turtlesim_cleaner' returned '0': DEBUGINFOD_URLS=https://debuginfod.archlinux.org PYTHONPATH=/home/ionut/UNI/Year_3/AI_Python/Project/Homework_wr/build/turtlesim_cleaner/prefix_override:/home/ionut/UNI/Year_3/AI_Python/Project/Homework_wr/install/turtlesim_cleaner/lib/python3.11/site-packages:${PYTHONPATH} _=/usr/bin/env /usr/bin/python -W ignore:setup.py install is deprecated setup.py develop --editable --build-directory /home/ionut/UNI/Year_3/AI_Python/Project/Homework_wr/build/turtlesim_cleaner/build --no-deps symlink_data --force
