running egg_info
writing ../build/turtlesim_cleaner/turtlesim_cleaner.egg-info/PKG-INFO
writing dependency_links to ../build/turtlesim_cleaner/turtlesim_cleaner.egg-info/dependency_links.txt
writing entry points to ../build/turtlesim_cleaner/turtlesim_cleaner.egg-info/entry_points.txt
writing requirements to ../build/turtlesim_cleaner/turtlesim_cleaner.egg-info/requires.txt
writing top-level names to ../build/turtlesim_cleaner/turtlesim_cleaner.egg-info/top_level.txt
reading manifest file '../build/turtlesim_cleaner/turtlesim_cleaner.egg-info/SOURCES.txt'
writing manifest file '../build/turtlesim_cleaner/turtlesim_cleaner.egg-info/SOURCES.txt'
running build
running build_py
copying turtlesim_cleaner/Move.py -> /home/ionut/UNI/Year_3/AI_Python/Project/Homework_wr/src/build/turtlesim_cleaner/build/lib/turtlesim_cleaner
copying turtlesim_cleaner/__init__.py -> /home/ionut/UNI/Year_3/AI_Python/Project/Homework_wr/src/build/turtlesim_cleaner/build/lib/turtlesim_cleaner
copying turtlesim_cleaner/Move_node.py -> /home/ionut/UNI/Year_3/AI_Python/Project/Homework_wr/src/build/turtlesim_cleaner/build/lib/turtlesim_cleaner
running install
running install_lib
copying /home/ionut/UNI/Year_3/AI_Python/Project/Homework_wr/src/build/turtlesim_cleaner/build/lib/turtlesim_cleaner/Move_node.py -> /home/ionut/UNI/Year_3/AI_Python/Project/Homework_wr/src/install/turtlesim_cleaner/lib/python3.11/site-packages/turtlesim_cleaner
byte-compiling /home/ionut/UNI/Year_3/AI_Python/Project/Homework_wr/src/install/turtlesim_cleaner/lib/python3.11/site-packages/turtlesim_cleaner/Move_node.py to Move_node.cpython-311.pyc
running install_data
copying resource/turtlesim_cleaner -> /home/ionut/UNI/Year_3/AI_Python/Project/Homework_wr/src/install/turtlesim_cleaner/share/ament_index/resource_index/packages
copying package.xml -> /home/ionut/UNI/Year_3/AI_Python/Project/Homework_wr/src/install/turtlesim_cleaner/share/turtlesim_cleaner
running install_egg_info
removing '/home/ionut/UNI/Year_3/AI_Python/Project/Homework_wr/src/install/turtlesim_cleaner/lib/python3.11/site-packages/turtlesim_cleaner-0.0.0-py3.11.egg-info' (and everything under it)
Copying ../build/turtlesim_cleaner/turtlesim_cleaner.egg-info to /home/ionut/UNI/Year_3/AI_Python/Project/Homework_wr/src/install/turtlesim_cleaner/lib/python3.11/site-packages/turtlesim_cleaner-0.0.0-py3.11.egg-info
running install_scripts
Installing test_node script to /home/ionut/UNI/Year_3/AI_Python/Project/Homework_wr/src/install/turtlesim_cleaner/lib/turtlesim_cleaner
writing list of installed files to '/home/ionut/UNI/Year_3/AI_Python/Project/Homework_wr/src/build/turtlesim_cleaner/install.log'
