[0.000000] (-) TimerEvent: {}
[0.000743] (turtlesim_cleaner) JobQueued: {'identifier': 'turtlesim_cleaner', 'dependencies': OrderedDict()}
[0.000915] (turtlesim_cleaner) JobStarted: {'identifier': 'turtlesim_cleaner'}
[0.099707] (-) TimerEvent: {}
[0.200107] (-) TimerEvent: {}
[0.300507] (-) TimerEvent: {}
[0.400929] (-) TimerEvent: {}
[0.501354] (-) TimerEvent: {}
[0.601646] (-) TimerEvent: {}
[0.701896] (-) TimerEvent: {}
[0.802136] (-) TimerEvent: {}
[0.902386] (-) TimerEvent: {}
[0.989773] (turtlesim_cleaner) Command: {'cmd': ['/usr/bin/python', '-W', 'ignore:setup.py install is deprecated', 'setup.py', 'develop', '--editable', '--build-directory', '/home/ionut/UNI/Year_3/AI_Python/Project/Homework_wr/build/turtlesim_cleaner/build', '--no-deps', 'symlink_data', '--force'], 'cwd': '/home/ionut/UNI/Year_3/AI_Python/Project/Homework_wr/build/turtlesim_cleaner', 'env': {'SHELL': '/bin/bash', 'ROS_VERSION': '2', 'WINDOWID': '3', 'COLORTERM': 'truecolor', 'CSF_MDTVTexturesDirectory': '/usr/share/opencascade/resources/Textures', 'XDG_CONFIG_DIRS': '/home/ionut/.config/kdedefaults:/etc/xdg', 'KGLOBALACCELD_PLATFORM': 'org.kde.kwin', 'XDG_SESSION_PATH': '/org/freedesktop/DisplayManager/Session1', 'XDG_MENU_PREFIX': 'plasma-', 'CSF_DrawPluginDefaults': '/usr/share/opencascade/resources/DrawResources', 'PKG_CONFIG_PATH': '/opt/ros/humble/lib/pkgconfig', 'ROS_PYTHON_VERSION': '3', 'LANGUAGE': 'en_US.UTF-8', 'JAVA_HOME': 'usr/lib/jvm/java-21-jdk', 'CSF_LANGUAGE': 'us', 'SSH_AUTH_SOCK': '/run/user/1000/gcr/ssh', 'DOTNET_CLI_TELEMETRY_OPTOUT': '1', 'CSF_MIGRATION_TYPES': '/usr/share/opencascade/resources/StdResource/MigrationSheet.txt', 'GRADLE_HOME': '/usr/share/java/gradle', 'SHELL_SESSION_ID': '4bcb403cbaa941cf9632b4d6f024ed8a', 'MEMORY_PRESSURE_WRITE': 'c29tZSAyMDAwMDAgMjAwMDAwMAA=', 'DESKTOP_SESSION': 'plasma', 'CSF_OCCTResourcePath': '/usr/share/opencascade/resources', 'CSF_STEPDefaults': '/usr/share/opencascade/resources/XSTEPResource', 'EDITOR': 'neovim', 'XDG_SEAT': 'seat0', 'PWD': '/home/ionut/UNI/Year_3/AI_Python/Project/Homework_wr/build/turtlesim_cleaner', 'LOGNAME': 'ionut', 'XDG_SESSION_DESKTOP': 'KDE', 'QT_QPA_PLATFORMTHEME': 'qt5ct', 'XDG_SESSION_TYPE': 'wayland', 'DRAWHOME': '/usr/share/opencascade/resources/DrawResources', 'ROS_DOMAIN_ID': '42', 'SYSTEMD_EXEC_PID': '838', 'PATH_TO_FX': '/home/ionut/Downloads/javafx-sdk-21.0.1/lib', 'XAUTHORITY': '/run/user/1000/xauth_AsWjqp', 'CSF_StandardLiteDefaults': '/usr/share/opencascade/resources/StdResource', 'MOTD_SHOWN': 'pam', 'XKB_DEFAULT_MODEL': 'pc105+inet', 'HOME': '/home/ionut', 'LANG': 'en_US.UTF-8', 'XDG_CURRENT_DESKTOP': 'KDE', 'KONSOLE_DBUS_SERVICE': ':1.69', 'MEMORY_PRESSURE_WATCH': '/sys/fs/cgroup/user.slice/user-1000.slice/user@1000.service/session.slice/plasma-kwin_wayland.service/memory.pressure', 'STARSHIP_SHELL': 'bash', 'WAYLAND_DISPLAY': 'wayland-0', 'KONSOLE_DBUS_SESSION': '/Sessions/1', 'PROFILEHOME': '/home/ionut', 'AMENT_PREFIX_PATH': '/home/ionut/UNI/Year_3/AI_Python/Project/Homework_wr/install/turtlesim_cleaner:/home/ionut/UNI/Year_3/AI_Python/Project/Homework_wr/src/turtlesim_cleaner/install/turtlesim_cleaner:/home/ionut/UNI/Year_3/AI_Python/Project/Homework_wr/src/install/turtlesim_cleaner:/opt/ros/humble', 'CMAKE_PREFIX_PATH': '/opt/ros/humble', 'XDG_SEAT_PATH': '/org/freedesktop/DisplayManager/Seat0', 'COLCON_PREFIX_PATH': '/opt/ros/humble:/home/ionut/UNI/Year_3/AI_Python/Project/Homework_wr/src/turtlesim_cleaner/install:/home/ionut/UNI/Year_3/AI_Python/Project/Homework_wr/install:/home/ionut/UNI/Year_3/AI_Python/Project/Homework_wr/src/install', 'INVOCATION_ID': 'b2b527e721fb421383e45d90d2f22eb2', 'NNN_COLORS': '3f', 'KONSOLE_VERSION': '240202', 'MANAGERPID': '655', 'NNN_EDITOR': 'neovim', 'lC_CTYPE': 'en_US.UFT-8', 'CSF_ShadersDirectory': '/usr/share/opencascade/resources/Shaders', 'CSF_EXCEPTION_PROMPT': '1', 'CSF_XmlOcafResource': '/usr/share/opencascade/resources/XmlOcafResource', 'STARSHIP_SESSION_KEY': '1066126728165911', 'KDE_SESSION_UID': '1000', 'XKB_DEFAULT_LAYOUT': 'us', 'CSF_SHMessage': '/usr/share/opencascade/resources/SHMessage', 'XDG_ACTIVATION_TOKEN': 'kwin-2', 'XDG_SESSION_CLASS': 'user', 'PYTHONPATH': '/home/ionut/UNI/Year_3/AI_Python/Project/Homework_wr/build/turtlesim_cleaner/prefix_override:/home/ionut/UNI/Year_3/AI_Python/Project/Homework_wr/install/turtlesim_cleaner/lib/python3.11/site-packages:/home/ionut/UNI/Year_3/AI_Python/Project/Homework_wr/install/turtlesim_cleaner/lib/python3.11/site-packages:/home/ionut/UNI/Year_3/AI_Python/Project/Homework_wr/src/turtlesim_cleaner/install/turtlesim_cleaner/lib/python3.11/site-packages:/home/ionut/UNI/Year_3/AI_Python/Project/Homework_wr/src/install/turtlesim_cleaner/lib/python3.11/site-packages:/home/ionut/.cache/yay/ros2-humble/src/install/lib/python3.11/dist-packages:/opt/ros/humble/lib/python3.11/site-packages', 'COLCON': '1', 'TERM': 'xterm-256color', 'NNN_FCOLORS': '0008dc1b0006450009090B05', 'USER': 'ionut', 'COLORFGBG': '15;0', 'LATEX_MK_DIR': '/usr/share/latex-mk', 'CSF_StandardDefaults': '/usr/share/opencascade/resources/StdResource', 'QT_WAYLAND_RECONNECT': '1', 'KDE_SESSION_VERSION': '6', 'PAM_KWALLET5_LOGIN': '/run/user/1000/kwallet5.socket', 'CSF_IGESDefaults': '/usr/share/opencascade/resources/XSTEPResource', 'VISUAL': 'nvim', 'DISPLAY': ':1', 'CSF_XCAFDefaults': '/usr/share/opencascade/resources/StdResource', 'SHLVL': '1', 'XDG_VTNR': '1', 'CSF_PluginDefaults': '/usr/share/opencascade/resources/StdResource', 'CSF_TObjMessage': '/usr/share/opencascade/resources/TObj', 'XDG_SESSION_ID': '2', 'CASROOT': '/usr', 'LD_LIBRARY_PATH': '/opt/ros/humble/opt/rviz_ogre_vendor/lib:/opt/ros/humble/lib::/usr/lib:/usr/lib:/usr/lib:/usr/lib:/usr/lib:/usr/lib:/usr/lib', 'XDG_RUNTIME_DIR': '/run/user/1000', 'ROS_LOCALHOST_ONLY': '0', 'lC_ALL': 'en_US.UFT-8', 'DEBUGINFOD_URLS': 'https://debuginfod.archlinux.org', 'LC_TIME': 'ro_RO.UTF-8', 'NNN_OPENER': 'nuke', 'LC_ALL': 'en_US.UTF-8', 'QT_AUTO_SCREEN_SCALE_FACTOR': '0', 'JOURNAL_STREAM': '8:1771', 'CSF_XSMessage': '/usr/share/opencascade/resources/XSMessage', 'MMGT_CLEAR': '1', 'KDE_FULL_SESSION': 'true', 'PATH': '/home/ionut/.cargo/bin:/opt/ros/humble/bin:/usr/local/sbin:/usr/local/bin:/usr/bin:/usr/lib/jvm/default/bin:/usr/bin/site_perl:/usr/bin/vendor_perl:/usr/bin/core_perl:/home/ionut/.spicetify:/home/ionut/.spicetify:/home/ionut/.spicetify:/home/ionut/.spicetify:/home/ionut/.spicetify:/home/ionut/.spicetify:/home/ionut/.spicetify:/home/ionut/.spicetify', 'CSF_TObjDefaults': '/usr/share/opencascade/resources/StdResource', 'DBUS_SESSION_BUS_ADDRESS': 'unix:path=/run/user/1000/bus', 'KDE_APPLICATIONS_AS_SCOPE': '1', 'MAIL': '/var/spool/mail/ionut', 'DRAWDEFAULT': '/usr/share/opencascade/resources/DrawResources/DrawDefault', 'ROS_DISTRO': 'humble', 'XKB_DEFAULT_OPTIONS': 'terminate:ctrl_alt_bksp', 'OLDPWD': '/home/ionut/UNI/Year_3/AI_Python/Project/Homework_wr/src', 'KONSOLE_DBUS_WINDOW': '/Windows/1', '_': '/usr/bin/env'}, 'shell': False}
[1.002489] (-) TimerEvent: {}
[1.102751] (-) TimerEvent: {}
[1.203007] (-) TimerEvent: {}
[1.304275] (-) TimerEvent: {}
[1.356832] (turtlesim_cleaner) StdoutLine: {'line': b'running develop\n'}
[1.357206] (turtlesim_cleaner) StderrLine: {'line': b'/usr/lib/python3.11/site-packages/setuptools/command/develop.py:39: EasyInstallDeprecationWarning: easy_install command is deprecated.\n'}
[1.357340] (turtlesim_cleaner) StderrLine: {'line': b'!!\n'}
[1.357427] (turtlesim_cleaner) StderrLine: {'line': b'\n'}
[1.357509] (turtlesim_cleaner) StderrLine: {'line': b'        ********************************************************************************\n'}
[1.357587] (turtlesim_cleaner) StderrLine: {'line': b'        Please avoid running ``setup.py`` and ``easy_install``.\n'}
[1.357699] (turtlesim_cleaner) StderrLine: {'line': b'        Instead, use pypa/build, pypa/installer or other\n'}
[1.361507] (turtlesim_cleaner) StderrLine: {'line': b'        standards-based tools.\n'}
[1.361578] (turtlesim_cleaner) StderrLine: {'line': b'\n'}
[1.361639] (turtlesim_cleaner) StderrLine: {'line': b'        See https://github.com/pypa/setuptools/issues/917 for details.\n'}
[1.361700] (turtlesim_cleaner) StderrLine: {'line': b'        ********************************************************************************\n'}
[1.361777] (turtlesim_cleaner) StderrLine: {'line': b'\n'}
[1.361836] (turtlesim_cleaner) StderrLine: {'line': b'!!\n'}
[1.361896] (turtlesim_cleaner) StderrLine: {'line': b'  easy_install.initialize_options(self)\n'}
[1.404369] (-) TimerEvent: {}
[1.504731] (-) TimerEvent: {}
[1.593059] (turtlesim_cleaner) StdoutLine: {'line': b'running egg_info\n'}
[1.604854] (-) TimerEvent: {}
[1.613140] (turtlesim_cleaner) StdoutLine: {'line': b'writing turtlesim_cleaner.egg-info/PKG-INFO\n'}
[1.613716] (turtlesim_cleaner) StdoutLine: {'line': b'writing dependency_links to turtlesim_cleaner.egg-info/dependency_links.txt\n'}
[1.614012] (turtlesim_cleaner) StdoutLine: {'line': b'writing entry points to turtlesim_cleaner.egg-info/entry_points.txt\n'}
[1.614272] (turtlesim_cleaner) StdoutLine: {'line': b'writing requirements to turtlesim_cleaner.egg-info/requires.txt\n'}
[1.614542] (turtlesim_cleaner) StdoutLine: {'line': b'writing top-level names to turtlesim_cleaner.egg-info/top_level.txt\n'}
[1.654507] (turtlesim_cleaner) StdoutLine: {'line': b"reading manifest file 'turtlesim_cleaner.egg-info/SOURCES.txt'\n"}
[1.655336] (turtlesim_cleaner) StdoutLine: {'line': b"writing manifest file 'turtlesim_cleaner.egg-info/SOURCES.txt'\n"}
[1.677111] (turtlesim_cleaner) StdoutLine: {'line': b'running build_ext\n'}
[1.679336] (turtlesim_cleaner) StdoutLine: {'line': b'Creating /home/ionut/UNI/Year_3/AI_Python/Project/Homework_wr/install/turtlesim_cleaner/lib/python3.11/site-packages/turtlesim_cleaner.egg-link (link to .)\n'}
[1.680207] (turtlesim_cleaner) StdoutLine: {'line': b'Installing test_node script to /home/ionut/UNI/Year_3/AI_Python/Project/Homework_wr/install/turtlesim_cleaner/lib/turtlesim_cleaner\n'}
[1.680499] (turtlesim_cleaner) StdoutLine: {'line': b'\n'}
[1.680681] (turtlesim_cleaner) StdoutLine: {'line': b'Installed /home/ionut/UNI/Year_3/AI_Python/Project/Homework_wr/build/turtlesim_cleaner\n'}
[1.680837] (turtlesim_cleaner) StdoutLine: {'line': b'running symlink_data\n'}
[1.681008] (turtlesim_cleaner) StdoutLine: {'line': b'symbolically linking /home/ionut/UNI/Year_3/AI_Python/Project/Homework_wr/build/turtlesim_cleaner/resource/turtlesim_cleaner -> /home/ionut/UNI/Year_3/AI_Python/Project/Homework_wr/install/turtlesim_cleaner/share/ament_index/resource_index/packages\n'}
[1.681161] (turtlesim_cleaner) StdoutLine: {'line': b'symbolically linking /home/ionut/UNI/Year_3/AI_Python/Project/Homework_wr/build/turtlesim_cleaner/package.xml -> /home/ionut/UNI/Year_3/AI_Python/Project/Homework_wr/install/turtlesim_cleaner/share/turtlesim_cleaner\n'}
[1.704978] (-) TimerEvent: {}
[1.744283] (turtlesim_cleaner) CommandEnded: {'returncode': 0}
[1.767722] (turtlesim_cleaner) JobEnded: {'identifier': 'turtlesim_cleaner', 'rc': 0}
[1.769726] (-) EventReactorShutdown: {}
